Time  | FetchPC | DispValid | ROB_Head | ROB_Count | Commit | CommitTag | x10 (a0) | x11 (a1) | Branch Activity    | ALU Activity  | LSU Activity  | CDB
------+---------+-----------+----------+-----------+--------+-----------+----------+----------+--------------------+---------------+---------------+----
               95000 |   000   |     0     |     0    |      0    |   0    |     0     | 00000000 | 00000000 | BR_iss=0 BR_wb=0 BR_mis=0 | ALU_iss=0 ALU_wb=0 | LSU_iss=0 LSU_wb=0 | CDB=0
              105000 |   004   |     0     |     0    |      0    |   0    |     0     | 00000000 | 00000000 | BR_iss=0 BR_wb=0 BR_mis=0 | ALU_iss=0 ALU_wb=0 | LSU_iss=0 LSU_wb=0 | CDB=0
              115000 |   008   |     0     |     0    |      0    |   0    |     0     | 00000000 | 00000000 | BR_iss=0 BR_wb=0 BR_mis=0 | ALU_iss=0 ALU_wb=0 | LSU_iss=0 LSU_wb=0 | CDB=0
              125000 |   00c   |     0     |     0    |      0    |   0    |     0     | 00000000 | 00000000 | BR_iss=0 BR_wb=0 BR_mis=0 | ALU_iss=0 ALU_wb=0 | LSU_iss=0 LSU_wb=0 | CDB=0
              135000 |   010   |     0     |     0    |      0    |   0    |     0     | 00000000 | 00000000 | BR_iss=0 BR_wb=0 BR_mis=0 | ALU_iss=0 ALU_wb=0 | LSU_iss=0 LSU_wb=0 | CDB=0
              145000 |   014   |     0     |     0    |      0    |   0    |     0     | 00000000 | 00000000 | BR_iss=0 BR_wb=0 BR_mis=0 | ALU_iss=0 ALU_wb=0 | LSU_iss=0 LSU_wb=0 | CDB=0
              155000 |   018   |     1     |     0    |      0    |   0    |     0     | 00000000 | 00000000 | BR_iss=0 BR_wb=0 BR_mis=0 | ALU_iss=0 ALU_wb=0 | LSU_iss=0 LSU_wb=0 | CDB=0
              165000 |   01c   |     1     |     0    |      1    |   0    |     0     | 00000000 | 00000000 | BR_iss=0 BR_wb=0 BR_mis=0 | ALU_iss=1 ALU_wb=1 | LSU_iss=0 LSU_wb=0 | CDB=1
              175000 |   020   |     1     |     0    |      2    |   1    |     0     | 00000000 | 00000000 | BR_iss=0 BR_wb=0 BR_mis=0 | ALU_iss=1 ALU_wb=1 | LSU_iss=0 LSU_wb=0 | CDB=1
              185000 |   024   |     1     |     1    |      2    |   1    |     1     | 00000000 | 00000000 | BR_iss=0 BR_wb=0 BR_mis=0 | ALU_iss=1 ALU_wb=1 | LSU_iss=0 LSU_wb=0 | CDB=1
              195000 |   028   |     1     |     2    |      2    |   1    |     2     | 00000000 | 00000000 | BR_iss=0 BR_wb=0 BR_mis=0 | ALU_iss=1 ALU_wb=1 | LSU_iss=0 LSU_wb=0 | CDB=1
              205000 |   02c   |     1     |     3    |      2    |   1    |     3     | 00000000 | 00000000 | BR_iss=0 BR_wb=0 BR_mis=0 | ALU_iss=1 ALU_wb=1 | LSU_iss=0 LSU_wb=0 | CDB=1
              215000 |   030   |     1     |     4    |      2    |   1    |     4     | 00000000 | 00000000 | BR_iss=0 BR_wb=0 BR_mis=0 | ALU_iss=1 ALU_wb=1 | LSU_iss=0 LSU_wb=0 | CDB=1
              225000 |   034   |     1     |     5    |      2    |   1    |     5     | 00000000 | 00000000 | BR_iss=0 BR_wb=0 BR_mis=0 | ALU_iss=0 ALU_wb=0 | LSU_iss=1 LSU_wb=0 | CDB=0
              235000 |   038   |     1     |     6    |      2    |   0    |     6     | 00000000 | 00000000 | BR_iss=0 BR_wb=0 BR_mis=0 | ALU_iss=1 ALU_wb=1 | LSU_iss=0 LSU_wb=0 | CDB=1
              245000 |   03c   |     1     |     6    |      3    |   0    |     6     | 00000000 | 00000000 | BR_iss=0 BR_wb=0 BR_mis=0 | ALU_iss=0 ALU_wb=0 | LSU_iss=1 LSU_wb=1 | CDB=1
              255000 |   040   |     1     |     6    |      4    |   1    |     6     | 00000000 | 00000000 | BR_iss=0 BR_wb=0 BR_mis=0 | ALU_iss=1 ALU_wb=1 | LSU_iss=0 LSU_wb=0 | CDB=1
              265000 |   044   |     1     |     7    |      4    |   1    |     7     | 00000000 | 00000000 | BR_iss=0 BR_wb=0 BR_mis=0 | ALU_iss=0 ALU_wb=0 | LSU_iss=1 LSU_wb=1 | CDB=1
              275000 |   048   |     1     |     8    |      4    |   1    |     8     | 00000000 | 00000000 | BR_iss=0 BR_wb=0 BR_mis=0 | ALU_iss=1 ALU_wb=1 | LSU_iss=0 LSU_wb=0 | CDB=1
              285000 |   04c   |     1     |     9    |      4    |   1    |     9     | 00000000 | 00000000 | BR_iss=0 BR_wb=0 BR_mis=0 | ALU_iss=0 ALU_wb=0 | LSU_iss=1 LSU_wb=1 | CDB=1
              295000 |   050   |     1     |    10    |      4    |   1    |    10     | 00000000 | 00000000 | BR_iss=0 BR_wb=0 BR_mis=0 | ALU_iss=0 ALU_wb=0 | LSU_iss=1 LSU_wb=0 | CDB=0
              305000 |   054   |     1     |    11    |      4    |   1    |    11     | 00000000 | 00000000 | BR_iss=0 BR_wb=0 BR_mis=0 | ALU_iss=0 ALU_wb=0 | LSU_iss=1 LSU_wb=1 | CDB=1
              315000 |   058   |     1     |    12    |      4    |   1    |    12     | 00000000 | 00000000 | BR_iss=0 BR_wb=0 BR_mis=0 | ALU_iss=0 ALU_wb=0 | LSU_iss=1 LSU_wb=1 | CDB=1
              325000 |   05c   |     1     |    13    |      4    |   1    |    13     | 00000000 | 00000000 | BR_iss=0 BR_wb=0 BR_mis=0 | ALU_iss=0 ALU_wb=0 | LSU_iss=0 LSU_wb=1 | CDB=1
              335000 |   060   |     1     |    14    |      4    |   1    |    14     | 00000000 | 00000000 | BR_iss=0 BR_wb=0 BR_mis=0 | ALU_iss=0 ALU_wb=0 | LSU_iss=0 LSU_wb=1 | CDB=1
              345000 |   064   |     1     |    15    |      4    |   1    |    15     | 00000000 | 00000000 | BR_iss=0 BR_wb=0 BR_mis=0 | ALU_iss=1 ALU_wb=1 | LSU_iss=1 LSU_wb=0 | CDB=1
              355000 |   068   |     1     |     0    |      4    |   1    |     0     | 00000000 | 00000000 | BR_iss=0 BR_wb=0 BR_mis=0 | ALU_iss=0 ALU_wb=0 | LSU_iss=1 LSU_wb=0 | CDB=0
              365000 |   06c   |     1     |     1    |      4    |   0    |     1     | 00000000 | 00000000 | BR_iss=0 BR_wb=0 BR_mis=0 | ALU_iss=0 ALU_wb=0 | LSU_iss=1 LSU_wb=1 | CDB=1
              375000 |   070   |     1     |     1    |      5    |   0    |     1     | 00000000 | 00000000 | BR_iss=0 BR_wb=0 BR_mis=0 | ALU_iss=1 ALU_wb=1 | LSU_iss=1 LSU_wb=1 | CDB=1
              385000 |   074   |     1     |     1    |      6    |   1    |     1     | 00000000 | 00000000 | BR_iss=0 BR_wb=0 BR_mis=0 | ALU_iss=1 ALU_wb=1 | LSU_iss=0 LSU_wb=1 | CDB=1
              395000 |   078   |     1     |     2    |      6    |   1    |     2     | 00000000 | 00000000 | BR_iss=0 BR_wb=0 BR_mis=0 | ALU_iss=1 ALU_wb=1 | LSU_iss=0 LSU_wb=1 | CDB=1
              405000 |   07c   |     1     |     3    |      6    |   1    |     3     | 00000000 | 00000000 | BR_iss=0 BR_wb=0 BR_mis=0 | ALU_iss=1 ALU_wb=1 | LSU_iss=0 LSU_wb=0 | CDB=1
              415000 |   080   |     1     |     4    |      6    |   1    |     4     | 00000000 | 00000000 | BR_iss=0 BR_wb=0 BR_mis=0 | ALU_iss=1 ALU_wb=1 | LSU_iss=0 LSU_wb=0 | CDB=1
              425000 |   084   |     1     |     5    |      6    |   1    |     5     | 00000000 | 00000000 | BR_iss=0 BR_wb=0 BR_mis=0 | ALU_iss=1 ALU_wb=1 | LSU_iss=0 LSU_wb=0 | CDB=1
              435000 |   088   |     1     |     6    |      6    |   1    |     6     | 00000000 | 00000000 | BR_iss=0 BR_wb=0 BR_mis=0 | ALU_iss=1 ALU_wb=1 | LSU_iss=0 LSU_wb=0 | CDB=1
              445000 |   08c   |     1     |     7    |      6    |   1    |     7     | 00000000 | 00000000 | BR_iss=1 BR_wb=1 BR_mis=0 | ALU_iss=1 ALU_wb=1 | LSU_iss=0 LSU_wb=0 | CDB=1
              455000 |   090   |     1     |     8    |      6    |   1    |     8     | 00000000 | 00000000 | BR_iss=0 BR_wb=0 BR_mis=0 | ALU_iss=1 ALU_wb=1 | LSU_iss=0 LSU_wb=0 | CDB=1
              465000 |   094   |     1     |     9    |      6    |   0    |     9     | 00000000 | 00000000 | BR_iss=0 BR_wb=0 BR_mis=0 | ALU_iss=1 ALU_wb=1 | LSU_iss=0 LSU_wb=0 | CDB=1
              475000 |   098   |     1     |     9    |      7    |   0    |     9     | 00000000 | 00000000 | BR_iss=1 BR_wb=1 BR_mis=1 | ALU_iss=1 ALU_wb=1 | LSU_iss=0 LSU_wb=0 | CDB=1
              485000 |   05c   |     0     |     0    |      0    |   0    |     0     | 00000000 | 00000000 | BR_iss=0 BR_wb=0 BR_mis=0 | ALU_iss=0 ALU_wb=0 | LSU_iss=0 LSU_wb=0 | CDB=0
              495000 |   060   |     1     |     0    |      0    |   0    |     0     | 00000000 | 00000000 | BR_iss=0 BR_wb=0 BR_mis=0 | ALU_iss=0 ALU_wb=0 | LSU_iss=0 LSU_wb=0 | CDB=0
              505000 |   064   |     1     |     0    |      1    |   0    |     0     | 00000000 | 00000000 | BR_iss=0 BR_wb=0 BR_mis=0 | ALU_iss=1 ALU_wb=1 | LSU_iss=0 LSU_wb=0 | CDB=1
              515000 |   068   |     0     |     0    |      2    |   0    |     0     | 00000000 | 00000000 | BR_iss=0 BR_wb=0 BR_mis=0 | ALU_iss=1 ALU_wb=1 | LSU_iss=0 LSU_wb=0 | CDB=1
              525000 |   06c   |     0     |     0    |      2    |   1    |     0     | 00000000 | 00000000 | BR_iss=0 BR_wb=0 BR_mis=0 | ALU_iss=0 ALU_wb=0 | LSU_iss=0 LSU_wb=0 | CDB=0
              535000 |   070   |     0     |     1    |      1    |   0    |     1     | 00000000 | 00000000 | BR_iss=0 BR_wb=0 BR_mis=0 | ALU_iss=0 ALU_wb=0 | LSU_iss=0 LSU_wb=0 | CDB=0
              545000 |   074   |     1     |     1    |      1    |   0    |     1     | 00000000 | 00000000 | BR_iss=0 BR_wb=0 BR_mis=0 | ALU_iss=0 ALU_wb=0 | LSU_iss=0 LSU_wb=0 | CDB=0
              555000 |   078   |     1     |     1    |      2    |   0    |     1     | 00000000 | 00000000 | BR_iss=0 BR_wb=0 BR_mis=0 | ALU_iss=1 ALU_wb=1 | LSU_iss=0 LSU_wb=0 | CDB=1
              565000 |   07c   |     1     |     1    |      3    |   1    |     1     | 00000000 | 00000000 | BR_iss=0 BR_wb=0 BR_mis=0 | ALU_iss=1 ALU_wb=1 | LSU_iss=0 LSU_wb=0 | CDB=1
              575000 |   080   |     1     |     2    |      3    |   1    |     2     | 00000000 | 00000000 | BR_iss=0 BR_wb=0 BR_mis=0 | ALU_iss=1 ALU_wb=1 | LSU_iss=0 LSU_wb=0 | CDB=1
              585000 |   084   |     1     |     3    |      3    |   1    |     3     | 00000000 | 00000000 | BR_iss=1 BR_wb=1 BR_mis=1 | ALU_iss=0 ALU_wb=0 | LSU_iss=0 LSU_wb=0 | CDB=1
              595000 |   074   |     0     |     0    |      0    |   0    |     0     | 00000000 | 00000000 | BR_iss=0 BR_wb=0 BR_mis=0 | ALU_iss=0 ALU_wb=0 | LSU_iss=0 LSU_wb=0 | CDB=0
              605000 |   078   |     1     |     0    |      0    |   0    |     0     | 00000000 | 00000000 | BR_iss=0 BR_wb=0 BR_mis=0 | ALU_iss=0 ALU_wb=0 | LSU_iss=0 LSU_wb=0 | CDB=0
              615000 |   07c   |     1     |     0    |      1    |   0    |     0     | 00000000 | 00000000 | BR_iss=0 BR_wb=0 BR_mis=0 | ALU_iss=1 ALU_wb=1 | LSU_iss=0 LSU_wb=0 | CDB=1
              625000 |   080   |     0     |     0    |      2    |   0    |     0     | 00000000 | 00000000 | BR_iss=1 BR_wb=1 BR_mis=1 | ALU_iss=0 ALU_wb=0 | LSU_iss=0 LSU_wb=0 | CDB=1
              635000 |   05c   |     0     |     0    |      0    |   0    |     0     | 00000000 | 00000000 | BR_iss=0 BR_wb=0 BR_mis=0 | ALU_iss=0 ALU_wb=0 | LSU_iss=0 LSU_wb=0 | CDB=0
              645000 |   060   |     0     |     0    |      0    |   0    |     0     | 00000000 | 00000000 | BR_iss=0 BR_wb=0 BR_mis=0 | ALU_iss=0 ALU_wb=0 | LSU_iss=0 LSU_wb=0 | CDB=0
              655000 |   064   |     1     |     0    |      0    |   0    |     0     | 00000000 | 00000000 | BR_iss=0 BR_wb=0 BR_mis=0 | ALU_iss=0 ALU_wb=0 | LSU_iss=0 LSU_wb=0 | CDB=0
              665000 |   068   |     0     |     0    |      1    |   0    |     0     | 00000000 | 00000000 | BR_iss=0 BR_wb=0 BR_mis=0 | ALU_iss=1 ALU_wb=1 | LSU_iss=0 LSU_wb=0 | CDB=1
              675000 |   06c   |     0     |     0    |      1    |   0    |     0     | 00000000 | 00000000 | BR_iss=0 BR_wb=0 BR_mis=0 | ALU_iss=0 ALU_wb=0 | LSU_iss=0 LSU_wb=0 | CDB=0
              685000 |   070   |     0     |     0    |      1    |   0    |     0     | 00000000 | 00000000 | BR_iss=0 BR_wb=0 BR_mis=0 | ALU_iss=0 ALU_wb=0 | LSU_iss=0 LSU_wb=0 | CDB=0
              695000 |   074   |     1     |     0    |      1    |   0    |     0     | 00000000 | 00000000 | BR_iss=0 BR_wb=0 BR_mis=0 | ALU_iss=0 ALU_wb=0 | LSU_iss=0 LSU_wb=0 | CDB=0
              705000 |   078   |     1     |     0    |      2    |   0    |     0     | 00000000 | 00000000 | BR_iss=0 BR_wb=0 BR_mis=0 | ALU_iss=1 ALU_wb=1 | LSU_iss=0 LSU_wb=0 | CDB=1
              715000 |   07c   |     1     |     0    |      3    |   0    |     0     | 00000000 | 00000000 | BR_iss=0 BR_wb=0 BR_mis=0 | ALU_iss=1 ALU_wb=1 | LSU_iss=0 LSU_wb=0 | CDB=1
              725000 |   080   |     1     |     0    |      4    |   0    |     0     | 00000000 | 00000000 | BR_iss=0 BR_wb=0 BR_mis=0 | ALU_iss=1 ALU_wb=1 | LSU_iss=0 LSU_wb=0 | CDB=1
              735000 |   084   |     1     |     0    |      5    |   0    |     0     | 00000000 | 00000000 | BR_iss=1 BR_wb=1 BR_mis=1 | ALU_iss=0 ALU_wb=0 | LSU_iss=0 LSU_wb=0 | CDB=1
              745000 |   074   |     0     |     0    |      0    |   0    |     0     | 00000000 | 00000000 | BR_iss=0 BR_wb=0 BR_mis=0 | ALU_iss=0 ALU_wb=0 | LSU_iss=0 LSU_wb=0 | CDB=0
              755000 |   078   |     1     |     0    |      0    |   0    |     0     | 00000000 | 00000000 | BR_iss=0 BR_wb=0 BR_mis=0 | ALU_iss=0 ALU_wb=0 | LSU_iss=0 LSU_wb=0 | CDB=0
              765000 |   07c   |     1     |     0    |      1    |   0    |     0     | 00000000 | 00000000 | BR_iss=0 BR_wb=0 BR_mis=0 | ALU_iss=1 ALU_wb=1 | LSU_iss=0 LSU_wb=0 | CDB=1
              775000 |   080   |     0     |     0    |      2    |   0    |     0     | 00000000 | 00000000 | BR_iss=1 BR_wb=1 BR_mis=1 | ALU_iss=0 ALU_wb=0 | LSU_iss=0 LSU_wb=0 | CDB=1
              785000 |   05c   |     0     |     0    |      0    |   0    |     0     | 00000000 | 00000000 | BR_iss=0 BR_wb=0 BR_mis=0 | ALU_iss=0 ALU_wb=0 | LSU_iss=0 LSU_wb=0 | CDB=0
              795000 |   060   |     0     |     0    |      0    |   0    |     0     | 00000000 | 00000000 | BR_iss=0 BR_wb=0 BR_mis=0 | ALU_iss=0 ALU_wb=0 | LSU_iss=0 LSU_wb=0 | CDB=0
              805000 |   064   |     1     |     0    |      0    |   0    |     0     | 00000000 | 00000000 | BR_iss=0 BR_wb=0 BR_mis=0 | ALU_iss=0 ALU_wb=0 | LSU_iss=0 LSU_wb=0 | CDB=0
              815000 |   068   |     0     |     0    |      1    |   0    |     0     | 00000000 | 00000000 | BR_iss=0 BR_wb=0 BR_mis=0 | ALU_iss=1 ALU_wb=1 | LSU_iss=0 LSU_wb=0 | CDB=1
              825000 |   06c   |     0     |     0    |      1    |   0    |     0     | 00000000 | 00000000 | BR_iss=0 BR_wb=0 BR_mis=0 | ALU_iss=0 ALU_wb=0 | LSU_iss=0 LSU_wb=0 | CDB=0
              835000 |   070   |     0     |     0    |      1    |   0    |     0     | 00000000 | 00000000 | BR_iss=0 BR_wb=0 BR_mis=0 | ALU_iss=0 ALU_wb=0 | LSU_iss=0 LSU_wb=0 | CDB=0
              845000 |   074   |     1     |     0    |      1    |   0    |     0     | 00000000 | 00000000 | BR_iss=0 BR_wb=0 BR_mis=0 | ALU_iss=0 ALU_wb=0 | LSU_iss=0 LSU_wb=0 | CDB=0
              855000 |   078   |     1     |     0    |      2    |   0    |     0     | 00000000 | 00000000 | BR_iss=0 BR_wb=0 BR_mis=0 | ALU_iss=1 ALU_wb=1 | LSU_iss=0 LSU_wb=0 | CDB=1
              865000 |   07c   |     1     |     0    |      3    |   0    |     0     | 00000000 | 00000000 | BR_iss=0 BR_wb=0 BR_mis=0 | ALU_iss=1 ALU_wb=1 | LSU_iss=0 LSU_wb=0 | CDB=1
              875000 |   080   |     1     |     0    |      4    |   1    |     0     | 00000000 | 00000000 | BR_iss=0 BR_wb=0 BR_mis=0 | ALU_iss=1 ALU_wb=1 | LSU_iss=0 LSU_wb=0 | CDB=1
              885000 |   084   |     1     |     1    |      4    |   1    |     1     | 00000000 | 00000000 | BR_iss=1 BR_wb=1 BR_mis=1 | ALU_iss=0 ALU_wb=0 | LSU_iss=0 LSU_wb=0 | CDB=1
              895000 |   074   |     0     |     0    |      0    |   0    |     0     | 00000000 | 00000000 | BR_iss=0 BR_wb=0 BR_mis=0 | ALU_iss=0 ALU_wb=0 | LSU_iss=0 LSU_wb=0 | CDB=0
              905000 |   078   |     1     |     0    |      0    |   0    |     0     | 00000000 | 00000000 | BR_iss=0 BR_wb=0 BR_mis=0 | ALU_iss=0 ALU_wb=0 | LSU_iss=0 LSU_wb=0 | CDB=0
              915000 |   07c   |     1     |     0    |      1    |   0    |     0     | 00000000 | 00000000 | BR_iss=0 BR_wb=0 BR_mis=0 | ALU_iss=1 ALU_wb=1 | LSU_iss=0 LSU_wb=0 | CDB=1
              925000 |   080   |     0     |     0    |      2    |   0    |     0     | 00000000 | 00000000 | BR_iss=1 BR_wb=1 BR_mis=0 | ALU_iss=0 ALU_wb=0 | LSU_iss=0 LSU_wb=0 | CDB=1
              935000 |   084   |     0     |     0    |      2    |   0    |     0     | 00000000 | 00000000 | BR_iss=0 BR_wb=0 BR_mis=0 | ALU_iss=0 ALU_wb=0 | LSU_iss=0 LSU_wb=0 | CDB=0
              945000 |   088   |     0     |     0    |      2    |   0    |     0     | 00000000 | 00000000 | BR_iss=0 BR_wb=0 BR_mis=0 | ALU_iss=0 ALU_wb=0 | LSU_iss=0 LSU_wb=0 | CDB=0
              955000 |   08c   |     1     |     0    |      2    |   0    |     0     | 00000000 | 00000000 | BR_iss=0 BR_wb=0 BR_mis=0 | ALU_iss=0 ALU_wb=0 | LSU_iss=0 LSU_wb=0 | CDB=0
              965000 |   090   |     1     |     0    |      3    |   0    |     0     | 00000000 | 00000000 | BR_iss=0 BR_wb=0 BR_mis=0 | ALU_iss=1 ALU_wb=1 | LSU_iss=0 LSU_wb=0 | CDB=1
              975000 |   094   |     1     |     0    |      4    |   0    |     0     | 00000000 | 00000000 | BR_iss=1 BR_wb=1 BR_mis=1 | ALU_iss=0 ALU_wb=0 | LSU_iss=0 LSU_wb=0 | CDB=1
              985000 |   05c   |     0     |     0    |      0    |   0    |     0     | 00000000 | 00000000 | BR_iss=0 BR_wb=0 BR_mis=0 | ALU_iss=0 ALU_wb=0 | LSU_iss=0 LSU_wb=0 | CDB=0
              995000 |   060   |     1     |     0    |      0    |   0    |     0     | 00000000 | 00000000 | BR_iss=0 BR_wb=0 BR_mis=0 | ALU_iss=0 ALU_wb=0 | LSU_iss=0 LSU_wb=0 | CDB=0
             1005000 |   064   |     1     |     0    |      1    |   0    |     0     | 00000000 | 00000000 | BR_iss=1 BR_wb=1 BR_mis=0 | ALU_iss=0 ALU_wb=0 | LSU_iss=0 LSU_wb=0 | CDB=1
             1015000 |   068   |     0     |     0    |      2    |   0    |     0     | 00000000 | 00000000 | BR_iss=0 BR_wb=0 BR_mis=0 | ALU_iss=1 ALU_wb=1 | LSU_iss=0 LSU_wb=0 | CDB=1
             1025000 |   06c   |     0     |     0    |      2    |   0    |     0     | 00000000 | 00000000 | BR_iss=0 BR_wb=0 BR_mis=0 | ALU_iss=0 ALU_wb=0 | LSU_iss=0 LSU_wb=0 | CDB=0
             1035000 |   070   |     0     |     0    |      2    |   0    |     0     | 00000000 | 00000000 | BR_iss=0 BR_wb=0 BR_mis=0 | ALU_iss=0 ALU_wb=0 | LSU_iss=0 LSU_wb=0 | CDB=0
             1045000 |   074   |     1     |     0    |      2    |   0    |     0     | 00000000 | 00000000 | BR_iss=0 BR_wb=0 BR_mis=0 | ALU_iss=0 ALU_wb=0 | LSU_iss=0 LSU_wb=0 | CDB=0
             1055000 |   078   |     1     |     0    |      3    |   0    |     0     | 00000000 | 00000000 | BR_iss=0 BR_wb=0 BR_mis=0 | ALU_iss=1 ALU_wb=1 | LSU_iss=0 LSU_wb=0 | CDB=1
             1065000 |   07c   |     1     |     0    |      4    |   0    |     0     | 00000000 | 00000000 | BR_iss=0 BR_wb=0 BR_mis=0 | ALU_iss=1 ALU_wb=1 | LSU_iss=0 LSU_wb=0 | CDB=1
             1075000 |   080   |     1     |     0    |      5    |   0    |     0     | 00000000 | 00000000 | BR_iss=0 BR_wb=0 BR_mis=0 | ALU_iss=1 ALU_wb=1 | LSU_iss=0 LSU_wb=0 | CDB=1
             1085000 |   084   |     1     |     0    |      6    |   0    |     0     | 00000000 | 00000000 | BR_iss=1 BR_wb=1 BR_mis=1 | ALU_iss=0 ALU_wb=0 | LSU_iss=0 LSU_wb=0 | CDB=1
             1095000 |   074   |     0     |     0    |      0    |   0    |     0     | 00000000 | 00000000 | BR_iss=0 BR_wb=0 BR_mis=0 | ALU_iss=0 ALU_wb=0 | LSU_iss=0 LSU_wb=0 | CDB=0
             1105000 |   078   |     1     |     0    |      0    |   0    |     0     | 00000000 | 00000000 | BR_iss=0 BR_wb=0 BR_mis=0 | ALU_iss=0 ALU_wb=0 | LSU_iss=0 LSU_wb=0 | CDB=0
             1115000 |   07c   |     1     |     0    |      1    |   0    |     0     | 00000000 | 00000000 | BR_iss=0 BR_wb=0 BR_mis=0 | ALU_iss=1 ALU_wb=1 | LSU_iss=0 LSU_wb=0 | CDB=1
             1125000 |   080   |     0     |     0    |      2    |   0    |     0     | 00000000 | 00000000 | BR_iss=1 BR_wb=1 BR_mis=1 | ALU_iss=0 ALU_wb=0 | LSU_iss=0 LSU_wb=0 | CDB=1
             1135000 |   05c   |     0     |     0    |      0    |   0    |     0     | 00000000 | 00000000 | BR_iss=0 BR_wb=0 BR_mis=0 | ALU_iss=0 ALU_wb=0 | LSU_iss=0 LSU_wb=0 | CDB=0
             1145000 |   060   |     0     |     0    |      0    |   0    |     0     | 00000000 | 00000000 | BR_iss=0 BR_wb=0 BR_mis=0 | ALU_iss=0 ALU_wb=0 | LSU_iss=0 LSU_wb=0 | CDB=0
             1155000 |   064   |     1     |     0    |      0    |   0    |     0     | 00000000 | 00000000 | BR_iss=0 BR_wb=0 BR_mis=0 | ALU_iss=0 ALU_wb=0 | LSU_iss=0 LSU_wb=0 | CDB=0
             1165000 |   068   |     0     |     0    |      1    |   0    |     0     | 00000000 | 00000000 | BR_iss=0 BR_wb=0 BR_mis=0 | ALU_iss=1 ALU_wb=1 | LSU_iss=0 LSU_wb=0 | CDB=1
             1175000 |   06c   |     0     |     0    |      1    |   0    |     0     | 00000000 | 00000000 | BR_iss=0 BR_wb=0 BR_mis=0 | ALU_iss=0 ALU_wb=0 | LSU_iss=0 LSU_wb=0 | CDB=0
             1185000 |   070   |     0     |     0    |      1    |   0    |     0     | 00000000 | 00000000 | BR_iss=0 BR_wb=0 BR_mis=0 | ALU_iss=0 ALU_wb=0 | LSU_iss=0 LSU_wb=0 | CDB=0
             1195000 |   074   |     1     |     0    |      1    |   0    |     0     | 00000000 | 00000000 | BR_iss=0 BR_wb=0 BR_mis=0 | ALU_iss=0 ALU_wb=0 | LSU_iss=0 LSU_wb=0 | CDB=0
             1205000 |   078   |     1     |     0    |      2    |   0    |     0     | 00000000 | 00000000 | BR_iss=0 BR_wb=0 BR_mis=0 | ALU_iss=1 ALU_wb=1 | LSU_iss=0 LSU_wb=0 | CDB=1
             1215000 |   07c   |     1     |     0    |      3    |   1    |     0     | 00000000 | 00000000 | BR_iss=0 BR_wb=0 BR_mis=0 | ALU_iss=1 ALU_wb=1 | LSU_iss=0 LSU_wb=0 | CDB=1
             1225000 |   080   |     1     |     1    |      3    |   1    |     1     | 00000000 | 00000000 | BR_iss=0 BR_wb=0 BR_mis=0 | ALU_iss=1 ALU_wb=1 | LSU_iss=0 LSU_wb=0 | CDB=1
             1235000 |   084   |     1     |     2    |      3    |   1    |     2     | 00000000 | 00000000 | BR_iss=1 BR_wb=1 BR_mis=1 | ALU_iss=0 ALU_wb=0 | LSU_iss=0 LSU_wb=0 | CDB=1
             1245000 |   074   |     0     |     0    |      0    |   0    |     0     | 00000000 | 00000000 | BR_iss=0 BR_wb=0 BR_mis=0 | ALU_iss=0 ALU_wb=0 | LSU_iss=0 LSU_wb=0 | CDB=0
             1255000 |   078   |     1     |     0    |      0    |   0    |     0     | 00000000 | 00000000 | BR_iss=0 BR_wb=0 BR_mis=0 | ALU_iss=0 ALU_wb=0 | LSU_iss=0 LSU_wb=0 | CDB=0
             1265000 |   07c   |     1     |     0    |      1    |   0    |     0     | 00000000 | 00000000 | BR_iss=0 BR_wb=0 BR_mis=0 | ALU_iss=1 ALU_wb=1 | LSU_iss=0 LSU_wb=0 | CDB=1
             1275000 |   080   |     0     |     0    |      2    |   0    |     0     | 00000000 | 00000000 | BR_iss=1 BR_wb=1 BR_mis=1 | ALU_iss=0 ALU_wb=0 | LSU_iss=0 LSU_wb=0 | CDB=1
             1285000 |   05c   |     0     |     0    |      0    |   0    |     0     | 00000000 | 00000000 | BR_iss=0 BR_wb=0 BR_mis=0 | ALU_iss=0 ALU_wb=0 | LSU_iss=0 LSU_wb=0 | CDB=0
             1295000 |   060   |     0     |     0    |      0    |   0    |     0     | 00000000 | 00000000 | BR_iss=0 BR_wb=0 BR_mis=0 | ALU_iss=0 ALU_wb=0 | LSU_iss=0 LSU_wb=0 | CDB=0
             1305000 |   064   |     1     |     0    |      0    |   0    |     0     | 00000000 | 00000000 | BR_iss=0 BR_wb=0 BR_mis=0 | ALU_iss=0 ALU_wb=0 | LSU_iss=0 LSU_wb=0 | CDB=0
             1315000 |   068   |     0     |     0    |      1    |   0    |     0     | 00000000 | 00000000 | BR_iss=0 BR_wb=0 BR_mis=0 | ALU_iss=1 ALU_wb=1 | LSU_iss=0 LSU_wb=0 | CDB=1
             1325000 |   06c   |     0     |     0    |      1    |   0    |     0     | 00000000 | 00000000 | BR_iss=0 BR_wb=0 BR_mis=0 | ALU_iss=0 ALU_wb=0 | LSU_iss=0 LSU_wb=0 | CDB=0
             1335000 |   070   |     0     |     0    |      1    |   0    |     0     | 00000000 | 00000000 | BR_iss=0 BR_wb=0 BR_mis=0 | ALU_iss=0 ALU_wb=0 | LSU_iss=0 LSU_wb=0 | CDB=0
             1345000 |   074   |     1     |     0    |      1    |   0    |     0     | 00000000 | 00000000 | BR_iss=0 BR_wb=0 BR_mis=0 | ALU_iss=0 ALU_wb=0 | LSU_iss=0 LSU_wb=0 | CDB=0
             1355000 |   078   |     1     |     0    |      2    |   0    |     0     | 00000000 | 00000000 | BR_iss=0 BR_wb=0 BR_mis=0 | ALU_iss=1 ALU_wb=1 | LSU_iss=0 LSU_wb=0 | CDB=1
             1365000 |   07c   |     1     |     0    |      3    |   0    |     0     | 00000000 | 00000000 | BR_iss=0 BR_wb=0 BR_mis=0 | ALU_iss=1 ALU_wb=1 | LSU_iss=0 LSU_wb=0 | CDB=1
             1375000 |   080   |     1     |     0    |      4    |   0    |     0     | 00000000 | 00000000 | BR_iss=0 BR_wb=0 BR_mis=0 | ALU_iss=1 ALU_wb=1 | LSU_iss=0 LSU_wb=0 | CDB=1
             1385000 |   084   |     1     |     0    |      5    |   0    |     0     | 00000000 | 00000000 | BR_iss=1 BR_wb=1 BR_mis=1 | ALU_iss=0 ALU_wb=0 | LSU_iss=0 LSU_wb=0 | CDB=1
             1395000 |   074   |     0     |     0    |      0    |   0    |     0     | 00000000 | 00000000 | BR_iss=0 BR_wb=0 BR_mis=0 | ALU_iss=0 ALU_wb=0 | LSU_iss=0 LSU_wb=0 | CDB=0
             1405000 |   078   |     1     |     0    |      0    |   0    |     0     | 00000000 | 00000000 | BR_iss=0 BR_wb=0 BR_mis=0 | ALU_iss=0 ALU_wb=0 | LSU_iss=0 LSU_wb=0 | CDB=0
             1415000 |   07c   |     1     |     0    |      1    |   0    |     0     | 00000000 | 00000000 | BR_iss=0 BR_wb=0 BR_mis=0 | ALU_iss=1 ALU_wb=1 | LSU_iss=0 LSU_wb=0 | CDB=1
             1425000 |   080   |     0     |     0    |      2    |   0    |     0     | 00000000 | 00000000 | BR_iss=1 BR_wb=1 BR_mis=1 | ALU_iss=0 ALU_wb=0 | LSU_iss=0 LSU_wb=0 | CDB=1
             1435000 |   05c   |     0     |     0    |      0    |   0    |     0     | 00000000 | 00000000 | BR_iss=0 BR_wb=0 BR_mis=0 | ALU_iss=0 ALU_wb=0 | LSU_iss=0 LSU_wb=0 | CDB=0
             1445000 |   060   |     0     |     0    |      0    |   0    |     0     | 00000000 | 00000000 | BR_iss=0 BR_wb=0 BR_mis=0 | ALU_iss=0 ALU_wb=0 | LSU_iss=0 LSU_wb=0 | CDB=0
             1455000 |   064   |     1     |     0    |      0    |   0    |     0     | 00000000 | 00000000 | BR_iss=0 BR_wb=0 BR_mis=0 | ALU_iss=0 ALU_wb=0 | LSU_iss=0 LSU_wb=0 | CDB=0
             1465000 |   068   |     0     |     0    |      1    |   0    |     0     | 00000000 | 00000000 | BR_iss=0 BR_wb=0 BR_mis=0 | ALU_iss=1 ALU_wb=1 | LSU_iss=0 LSU_wb=0 | CDB=1
             1475000 |   06c   |     0     |     0    |      1    |   0    |     0     | 00000000 | 00000000 | BR_iss=0 BR_wb=0 BR_mis=0 | ALU_iss=0 ALU_wb=0 | LSU_iss=0 LSU_wb=0 | CDB=0
             1485000 |   070   |     0     |     0    |      1    |   0    |     0     | 00000000 | 00000000 | BR_iss=0 BR_wb=0 BR_mis=0 | ALU_iss=0 ALU_wb=0 | LSU_iss=0 LSU_wb=0 | CDB=0
             1495000 |   074   |     1     |     0    |      1    |   0    |     0     | 00000000 | 00000000 | BR_iss=0 BR_wb=0 BR_mis=0 | ALU_iss=0 ALU_wb=0 | LSU_iss=0 LSU_wb=0 | CDB=0
             1505000 |   078   |     1     |     0    |      2    |   0    |     0     | 00000000 | 00000000 | BR_iss=0 BR_wb=0 BR_mis=0 | ALU_iss=1 ALU_wb=1 | LSU_iss=0 LSU_wb=0 | CDB=1
             1515000 |   07c   |     1     |     0    |      3    |   0    |     0     | 00000000 | 00000000 | BR_iss=0 BR_wb=0 BR_mis=0 | ALU_iss=1 ALU_wb=1 | LSU_iss=0 LSU_wb=0 | CDB=1
             1525000 |   080   |     1     |     0    |      4    |   0    |     0     | 00000000 | 00000000 | BR_iss=0 BR_wb=0 BR_mis=0 | ALU_iss=1 ALU_wb=1 | LSU_iss=0 LSU_wb=0 | CDB=1
             1535000 |   084   |     1     |     0    |      5    |   1    |     0     | 00000000 | 00000000 | BR_iss=1 BR_wb=1 BR_mis=1 | ALU_iss=0 ALU_wb=0 | LSU_iss=0 LSU_wb=0 | CDB=1
             1545000 |   074   |     0     |     0    |      0    |   0    |     0     | 00000000 | 00000000 | BR_iss=0 BR_wb=0 BR_mis=0 | ALU_iss=0 ALU_wb=0 | LSU_iss=0 LSU_wb=0 | CDB=0
             1555000 |   078   |     1     |     0    |      0    |   0    |     0     | 00000000 | 00000000 | BR_iss=0 BR_wb=0 BR_mis=0 | ALU_iss=0 ALU_wb=0 | LSU_iss=0 LSU_wb=0 | CDB=0
             1565000 |   07c   |     1     |     0    |      1    |   0    |     0     | 00000000 | 00000000 | BR_iss=0 BR_wb=0 BR_mis=0 | ALU_iss=1 ALU_wb=1 | LSU_iss=0 LSU_wb=0 | CDB=1
             1575000 |   080   |     0     |     0    |      2    |   0    |     0     | 00000000 | 00000000 | BR_iss=1 BR_wb=1 BR_mis=1 | ALU_iss=0 ALU_wb=0 | LSU_iss=0 LSU_wb=0 | CDB=1
             1585000 |   05c   |     0     |     0    |      0    |   0    |     0     | 00000000 | 00000000 | BR_iss=0 BR_wb=0 BR_mis=0 | ALU_iss=0 ALU_wb=0 | LSU_iss=0 LSU_wb=0 | CDB=0
             1595000 |   060   |     0     |     0    |      0    |   0    |     0     | 00000000 | 00000000 | BR_iss=0 BR_wb=0 BR_mis=0 | ALU_iss=0 ALU_wb=0 | LSU_iss=0 LSU_wb=0 | CDB=0
             1605000 |   064   |     1     |     0    |      0    |   0    |     0     | 00000000 | 00000000 | BR_iss=0 BR_wb=0 BR_mis=0 | ALU_iss=0 ALU_wb=0 | LSU_iss=0 LSU_wb=0 | CDB=0
             1615000 |   068   |     0     |     0    |      1    |   0    |     0     | 00000000 | 00000000 | BR_iss=0 BR_wb=0 BR_mis=0 | ALU_iss=1 ALU_wb=1 | LSU_iss=0 LSU_wb=0 | CDB=1
             1625000 |   06c   |     0     |     0    |      1    |   0    |     0     | 00000000 | 00000000 | BR_iss=0 BR_wb=0 BR_mis=0 | ALU_iss=0 ALU_wb=0 | LSU_iss=0 LSU_wb=0 | CDB=0
             1635000 |   070   |     0     |     0    |      1    |   0    |     0     | 00000000 | 00000000 | BR_iss=0 BR_wb=0 BR_mis=0 | ALU_iss=0 ALU_wb=0 | LSU_iss=0 LSU_wb=0 | CDB=0
             1645000 |   074   |     1     |     0    |      1    |   0    |     0     | 00000000 | 00000000 | BR_iss=0 BR_wb=0 BR_mis=0 | ALU_iss=0 ALU_wb=0 | LSU_iss=0 LSU_wb=0 | CDB=0
             1655000 |   078   |     1     |     0    |      2    |   0    |     0     | 00000000 | 00000000 | BR_iss=0 BR_wb=0 BR_mis=0 | ALU_iss=1 ALU_wb=1 | LSU_iss=0 LSU_wb=0 | CDB=1
             1665000 |   07c   |     1     |     0    |      3    |   0    |     0     | 00000000 | 00000000 | BR_iss=0 BR_wb=0 BR_mis=0 | ALU_iss=1 ALU_wb=1 | LSU_iss=0 LSU_wb=0 | CDB=1
             1675000 |   080   |     1     |     0    |      4    |   0    |     0     | 00000000 | 00000000 | BR_iss=0 BR_wb=0 BR_mis=0 | ALU_iss=1 ALU_wb=1 | LSU_iss=0 LSU_wb=0 | CDB=1
             1685000 |   084   |     1     |     0    |      5    |   0    |     0     | 00000000 | 00000000 | BR_iss=1 BR_wb=1 BR_mis=1 | ALU_iss=0 ALU_wb=0 | LSU_iss=0 LSU_wb=0 | CDB=1
             1695000 |   074   |     0     |     0    |      0    |   0    |     0     | 00000000 | 00000000 | BR_iss=0 BR_wb=0 BR_mis=0 | ALU_iss=0 ALU_wb=0 | LSU_iss=0 LSU_wb=0 | CDB=0
             1705000 |   078   |     1     |     0    |      0    |   0    |     0     | 00000000 | 00000000 | BR_iss=0 BR_wb=0 BR_mis=0 | ALU_iss=0 ALU_wb=0 | LSU_iss=0 LSU_wb=0 | CDB=0
             1715000 |   07c   |     1     |     0    |      1    |   0    |     0     | 00000000 | 00000000 | BR_iss=0 BR_wb=0 BR_mis=0 | ALU_iss=1 ALU_wb=1 | LSU_iss=0 LSU_wb=0 | CDB=1
             1725000 |   080   |     0     |     0    |      2    |   0    |     0     | 00000000 | 00000000 | BR_iss=1 BR_wb=1 BR_mis=1 | ALU_iss=0 ALU_wb=0 | LSU_iss=0 LSU_wb=0 | CDB=1
             1735000 |   05c   |     0     |     0    |      0    |   0    |     0     | 00000000 | 00000000 | BR_iss=0 BR_wb=0 BR_mis=0 | ALU_iss=0 ALU_wb=0 | LSU_iss=0 LSU_wb=0 | CDB=0
             1745000 |   060   |     0     |     0    |      0    |   0    |     0     | 00000000 | 00000000 | BR_iss=0 BR_wb=0 BR_mis=0 | ALU_iss=0 ALU_wb=0 | LSU_iss=0 LSU_wb=0 | CDB=0
             1755000 |   064   |     1     |     0    |      0    |   0    |     0     | 00000000 | 00000000 | BR_iss=0 BR_wb=0 BR_mis=0 | ALU_iss=0 ALU_wb=0 | LSU_iss=0 LSU_wb=0 | CDB=0
             1765000 |   068   |     0     |     0    |      1    |   0    |     0     | 00000000 | 00000000 | BR_iss=0 BR_wb=0 BR_mis=0 | ALU_iss=1 ALU_wb=1 | LSU_iss=0 LSU_wb=0 | CDB=1
             1775000 |   06c   |     0     |     0    |      1    |   0    |     0     | 00000000 | 00000000 | BR_iss=0 BR_wb=0 BR_mis=0 | ALU_iss=0 ALU_wb=0 | LSU_iss=0 LSU_wb=0 | CDB=0
             1785000 |   070   |     0     |     0    |      1    |   0    |     0     | 00000000 | 00000000 | BR_iss=0 BR_wb=0 BR_mis=0 | ALU_iss=0 ALU_wb=0 | LSU_iss=0 LSU_wb=0 | CDB=0
             1795000 |   074   |     1     |     0    |      1    |   0    |     0     | 00000000 | 00000000 | BR_iss=0 BR_wb=0 BR_mis=0 | ALU_iss=0 ALU_wb=0 | LSU_iss=0 LSU_wb=0 | CDB=0
             1805000 |   078   |     1     |     0    |      2    |   0    |     0     | 00000000 | 00000000 | BR_iss=0 BR_wb=0 BR_mis=0 | ALU_iss=1 ALU_wb=1 | LSU_iss=0 LSU_wb=0 | CDB=1
             1815000 |   07c   |     1     |     0    |      3    |   0    |     0     | 00000000 | 00000000 | BR_iss=0 BR_wb=0 BR_mis=0 | ALU_iss=1 ALU_wb=1 | LSU_iss=0 LSU_wb=0 | CDB=1
             1825000 |   080   |     1     |     0    |      4    |   0    |     0     | 00000000 | 00000000 | BR_iss=0 BR_wb=0 BR_mis=0 | ALU_iss=1 ALU_wb=1 | LSU_iss=0 LSU_wb=0 | CDB=1
             1835000 |   084   |     1     |     0    |      5    |   0    |     0     | 00000000 | 00000000 | BR_iss=1 BR_wb=1 BR_mis=1 | ALU_iss=0 ALU_wb=0 | LSU_iss=0 LSU_wb=0 | CDB=1
             1845000 |   074   |     0     |     0    |      0    |   0    |     0     | 00000000 | 00000000 | BR_iss=0 BR_wb=0 BR_mis=0 | ALU_iss=0 ALU_wb=0 | LSU_iss=0 LSU_wb=0 | CDB=0
             1855000 |   078   |     1     |     0    |      0    |   0    |     0     | 00000000 | 00000000 | BR_iss=0 BR_wb=0 BR_mis=0 | ALU_iss=0 ALU_wb=0 | LSU_iss=0 LSU_wb=0 | CDB=0
             1865000 |   07c   |     1     |     0    |      1    |   0    |     0     | 00000000 | 00000000 | BR_iss=0 BR_wb=0 BR_mis=0 | ALU_iss=1 ALU_wb=1 | LSU_iss=0 LSU_wb=0 | CDB=1
             1875000 |   080   |     0     |     0    |      2    |   1    |     0     | 00000000 | 00000000 | BR_iss=1 BR_wb=1 BR_mis=1 | ALU_iss=0 ALU_wb=0 | LSU_iss=0 LSU_wb=0 | CDB=1
             1885000 |   05c   |     0     |     0    |      0    |   0    |     0     | 00000000 | 00000000 | BR_iss=0 BR_wb=0 BR_mis=0 | ALU_iss=0 ALU_wb=0 | LSU_iss=0 LSU_wb=0 | CDB=0
             1895000 |   060   |     0     |     0    |      0    |   0    |     0     | 00000000 | 00000000 | BR_iss=0 BR_wb=0 BR_mis=0 | ALU_iss=0 ALU_wb=0 | LSU_iss=0 LSU_wb=0 | CDB=0
             1905000 |   064   |     1     |     0    |      0    |   0    |     0     | 00000000 | 00000000 | BR_iss=0 BR_wb=0 BR_mis=0 | ALU_iss=0 ALU_wb=0 | LSU_iss=0 LSU_wb=0 | CDB=0
             1915000 |   068   |     0     |     0    |      1    |   0    |     0     | 00000000 | 00000000 | BR_iss=0 BR_wb=0 BR_mis=0 | ALU_iss=1 ALU_wb=1 | LSU_iss=0 LSU_wb=0 | CDB=1
             1925000 |   06c   |     0     |     0    |      1    |   0    |     0     | 00000000 | 00000000 | BR_iss=0 BR_wb=0 BR_mis=0 | ALU_iss=0 ALU_wb=0 | LSU_iss=0 LSU_wb=0 | CDB=0
             1935000 |   070   |     0     |     0    |      1    |   0    |     0     | 00000000 | 00000000 | BR_iss=0 BR_wb=0 BR_mis=0 | ALU_iss=0 ALU_wb=0 | LSU_iss=0 LSU_wb=0 | CDB=0
             1945000 |   074   |     1     |     0    |      1    |   0    |     0     | 00000000 | 00000000 | BR_iss=0 BR_wb=0 BR_mis=0 | ALU_iss=0 ALU_wb=0 | LSU_iss=0 LSU_wb=0 | CDB=0
             1955000 |   078   |     1     |     0    |      2    |   0    |     0     | 00000000 | 00000000 | BR_iss=0 BR_wb=0 BR_mis=0 | ALU_iss=1 ALU_wb=1 | LSU_iss=0 LSU_wb=0 | CDB=1
             1965000 |   07c   |     1     |     0    |      3    |   0    |     0     | 00000000 | 00000000 | BR_iss=0 BR_wb=0 BR_mis=0 | ALU_iss=1 ALU_wb=1 | LSU_iss=0 LSU_wb=0 | CDB=1
             1975000 |   080   |     1     |     0    |      4    |   0    |     0     | 00000000 | 00000000 | BR_iss=0 BR_wb=0 BR_mis=0 | ALU_iss=1 ALU_wb=1 | LSU_iss=0 LSU_wb=0 | CDB=1
             1985000 |   084   |     1     |     0    |      5    |   0    |     0     | 00000000 | 00000000 | BR_iss=1 BR_wb=1 BR_mis=1 | ALU_iss=0 ALU_wb=0 | LSU_iss=0 LSU_wb=0 | CDB=1
             1995000 |   074   |     0     |     0    |      0    |   0    |     0     | 00000000 | 00000000 | BR_iss=0 BR_wb=0 BR_mis=0 | ALU_iss=0 ALU_wb=0 | LSU_iss=0 LSU_wb=0 | CDB=0
             2005000 |   078   |     1     |     0    |      0    |   0    |     0     | 00000000 | 00000000 | BR_iss=0 BR_wb=0 BR_mis=0 | ALU_iss=0 ALU_wb=0 | LSU_iss=0 LSU_wb=0 | CDB=0
             2015000 |   07c   |     1     |     0    |      1    |   0    |     0     | 00000000 | 00000000 | BR_iss=0 BR_wb=0 BR_mis=0 | ALU_iss=1 ALU_wb=1 | LSU_iss=0 LSU_wb=0 | CDB=1
             2025000 |   080   |     0     |     0    |      2    |   0    |     0     | 00000000 | 00000000 | BR_iss=1 BR_wb=1 BR_mis=1 | ALU_iss=0 ALU_wb=0 | LSU_iss=0 LSU_wb=0 | CDB=1
             2035000 |   05c   |     0     |     0    |      0    |   0    |     0     | 00000000 | 00000000 | BR_iss=0 BR_wb=0 BR_mis=0 | ALU_iss=0 ALU_wb=0 | LSU_iss=0 LSU_wb=0 | CDB=0
             2045000 |   060   |     0     |     0    |      0    |   0    |     0     | 00000000 | 00000000 | BR_iss=0 BR_wb=0 BR_mis=0 | ALU_iss=0 ALU_wb=0 | LSU_iss=0 LSU_wb=0 | CDB=0
             2055000 |   064   |     1     |     0    |      0    |   0    |     0     | 00000000 | 00000000 | BR_iss=0 BR_wb=0 BR_mis=0 | ALU_iss=0 ALU_wb=0 | LSU_iss=0 LSU_wb=0 | CDB=0
             2065000 |   068   |     0     |     0    |      1    |   0    |     0     | 00000000 | 00000000 | BR_iss=0 BR_wb=0 BR_mis=0 | ALU_iss=1 ALU_wb=1 | LSU_iss=0 LSU_wb=0 | CDB=1
             2075000 |   06c   |     0     |     0    |      1    |   0    |     0     | 00000000 | 00000000 | BR_iss=0 BR_wb=0 BR_mis=0 | ALU_iss=0 ALU_wb=0 | LSU_iss=0 LSU_wb=0 | CDB=0
             2085000 |   070   |     0     |     0    |      1    |   0    |     0     | 00000000 | 00000000 | BR_iss=0 BR_wb=0 BR_mis=0 | ALU_iss=0 ALU_wb=0 | LSU_iss=0 LSU_wb=0 | CDB=0
             2095000 |   074   |     1     |     0    |      1    |   0    |     0     | 00000000 | 00000000 | BR_iss=0 BR_wb=0 BR_mis=0 | ALU_iss=0 ALU_wb=0 | LSU_iss=0 LSU_wb=0 | CDB=0
             2105000 |   078   |     1     |     0    |      2    |   0    |     0     | 00000000 | 00000000 | BR_iss=0 BR_wb=0 BR_mis=0 | ALU_iss=1 ALU_wb=1 | LSU_iss=0 LSU_wb=0 | CDB=1
             2115000 |   07c   |     1     |     0    |      3    |   0    |     0     | 00000000 | 00000000 | BR_iss=0 BR_wb=0 BR_mis=0 | ALU_iss=1 ALU_wb=1 | LSU_iss=0 LSU_wb=0 | CDB=1
             2125000 |   080   |     1     |     0    |      4    |   0    |     0     | 00000000 | 00000000 | BR_iss=0 BR_wb=0 BR_mis=0 | ALU_iss=1 ALU_wb=1 | LSU_iss=0 LSU_wb=0 | CDB=1
             2135000 |   084   |     1     |     0    |      5    |   0    |     0     | 00000000 | 00000000 | BR_iss=1 BR_wb=1 BR_mis=1 | ALU_iss=0 ALU_wb=0 | LSU_iss=0 LSU_wb=0 | CDB=1
             2145000 |   074   |     0     |     0    |      0    |   0    |     0     | 00000000 | 00000000 | BR_iss=0 BR_wb=0 BR_mis=0 | ALU_iss=0 ALU_wb=0 | LSU_iss=0 LSU_wb=0 | CDB=0
             2155000 |   078   |     1     |     0    |      0    |   0    |     0     | 00000000 | 00000000 | BR_iss=0 BR_wb=0 BR_mis=0 | ALU_iss=0 ALU_wb=0 | LSU_iss=0 LSU_wb=0 | CDB=0
             2165000 |   07c   |     1     |     0    |      1    |   0    |     0     | 00000000 | 00000000 | BR_iss=0 BR_wb=0 BR_mis=0 | ALU_iss=1 ALU_wb=1 | LSU_iss=0 LSU_wb=0 | CDB=1
             2175000 |   080   |     0     |     0    |      2    |   0    |     0     | 00000000 | 00000000 | BR_iss=1 BR_wb=1 BR_mis=1 | ALU_iss=0 ALU_wb=0 | LSU_iss=0 LSU_wb=0 | CDB=1
             2185000 |   05c   |     0     |     0    |      0    |   0    |     0     | 00000000 | 00000000 | BR_iss=0 BR_wb=0 BR_mis=0 | ALU_iss=0 ALU_wb=0 | LSU_iss=0 LSU_wb=0 | CDB=0
             2195000 |   060   |     0     |     0    |      0    |   0    |     0     | 00000000 | 00000000 | BR_iss=0 BR_wb=0 BR_mis=0 | ALU_iss=0 ALU_wb=0 | LSU_iss=0 LSU_wb=0 | CDB=0
             2205000 |   064   |     1     |     0    |      0    |   0    |     0     | 00000000 | 00000000 | BR_iss=0 BR_wb=0 BR_mis=0 | ALU_iss=0 ALU_wb=0 | LSU_iss=0 LSU_wb=0 | CDB=0
             2215000 |   068   |     0     |     0    |      1    |   0    |     0     | 00000000 | 00000000 | BR_iss=0 BR_wb=0 BR_mis=0 | ALU_iss=1 ALU_wb=1 | LSU_iss=0 LSU_wb=0 | CDB=1
             2225000 |   06c   |     0     |     0    |      1    |   1    |     0     | 00000000 | 00000000 | BR_iss=0 BR_wb=0 BR_mis=0 | ALU_iss=0 ALU_wb=0 | LSU_iss=0 LSU_wb=0 | CDB=0
             2235000 |   070   |     0     |     1    |      0    |   0    |     1     | 00000000 | 00000000 | BR_iss=0 BR_wb=0 BR_mis=0 | ALU_iss=0 ALU_wb=0 | LSU_iss=0 LSU_wb=0 | CDB=0
             2245000 |   074   |     1     |     1    |      0    |   0    |     1     | 00000000 | 00000000 | BR_iss=0 BR_wb=0 BR_mis=0 | ALU_iss=0 ALU_wb=0 | LSU_iss=0 LSU_wb=0 | CDB=0
             2255000 |   078   |     1     |     1    |      1    |   0    |     1     | 00000000 | 00000000 | BR_iss=0 BR_wb=0 BR_mis=0 | ALU_iss=1 ALU_wb=1 | LSU_iss=0 LSU_wb=0 | CDB=1
             2265000 |   07c   |     1     |     1    |      2    |   1    |     1     | 00000000 | 00000000 | BR_iss=0 BR_wb=0 BR_mis=0 | ALU_iss=1 ALU_wb=1 | LSU_iss=0 LSU_wb=0 | CDB=1
             2275000 |   080   |     1     |     2    |      2    |   1    |     2     | 00000000 | 00000000 | BR_iss=0 BR_wb=0 BR_mis=0 | ALU_iss=1 ALU_wb=1 | LSU_iss=0 LSU_wb=0 | CDB=1
             2285000 |   084   |     1     |     3    |      2    |   1    |     3     | 00000000 | 00000000 | BR_iss=1 BR_wb=1 BR_mis=1 | ALU_iss=0 ALU_wb=0 | LSU_iss=0 LSU_wb=0 | CDB=1
             2295000 |   074   |     0     |     0    |      0    |   0    |     0     | 00000000 | 00000000 | BR_iss=0 BR_wb=0 BR_mis=0 | ALU_iss=0 ALU_wb=0 | LSU_iss=0 LSU_wb=0 | CDB=0
             2305000 |   078   |     1     |     0    |      0    |   0    |     0     | 00000000 | 00000000 | BR_iss=0 BR_wb=0 BR_mis=0 | ALU_iss=0 ALU_wb=0 | LSU_iss=0 LSU_wb=0 | CDB=0
             2315000 |   07c   |     1     |     0    |      1    |   0    |     0     | 00000000 | 00000000 | BR_iss=0 BR_wb=0 BR_mis=0 | ALU_iss=1 ALU_wb=1 | LSU_iss=0 LSU_wb=0 | CDB=1
             2325000 |   080   |     0     |     0    |      2    |   0    |     0     | 00000000 | 00000000 | BR_iss=1 BR_wb=1 BR_mis=1 | ALU_iss=0 ALU_wb=0 | LSU_iss=0 LSU_wb=0 | CDB=1
             2335000 |   05c   |     0     |     0    |      0    |   0    |     0     | 00000000 | 00000000 | BR_iss=0 BR_wb=0 BR_mis=0 | ALU_iss=0 ALU_wb=0 | LSU_iss=0 LSU_wb=0 | CDB=0
             2345000 |   060   |     0     |     0    |      0    |   0    |     0     | 00000000 | 00000000 | BR_iss=0 BR_wb=0 BR_mis=0 | ALU_iss=0 ALU_wb=0 | LSU_iss=0 LSU_wb=0 | CDB=0
             2355000 |   064   |     1     |     0    |      0    |   0    |     0     | 00000000 | 00000000 | BR_iss=0 BR_wb=0 BR_mis=0 | ALU_iss=0 ALU_wb=0 | LSU_iss=0 LSU_wb=0 | CDB=0
             2365000 |   068   |     0     |     0    |      1    |   0    |     0     | 00000000 | 00000000 | BR_iss=0 BR_wb=0 BR_mis=0 | ALU_iss=1 ALU_wb=1 | LSU_iss=0 LSU_wb=0 | CDB=1
             2375000 |   06c   |     0     |     0    |      1    |   0    |     0     | 00000000 | 00000000 | BR_iss=0 BR_wb=0 BR_mis=0 | ALU_iss=0 ALU_wb=0 | LSU_iss=0 LSU_wb=0 | CDB=0
             2385000 |   070   |     0     |     0    |      1    |   0    |     0     | 00000000 | 00000000 | BR_iss=0 BR_wb=0 BR_mis=0 | ALU_iss=0 ALU_wb=0 | LSU_iss=0 LSU_wb=0 | CDB=0
             2395000 |   074   |     1     |     0    |      1    |   0    |     0     | 00000000 | 00000000 | BR_iss=0 BR_wb=0 BR_mis=0 | ALU_iss=0 ALU_wb=0 | LSU_iss=0 LSU_wb=0 | CDB=0
             2405000 |   078   |     1     |     0    |      2    |   0    |     0     | 00000000 | 00000000 | BR_iss=0 BR_wb=0 BR_mis=0 | ALU_iss=1 ALU_wb=1 | LSU_iss=0 LSU_wb=0 | CDB=1
             2415000 |   07c   |     1     |     0    |      3    |   0    |     0     | 00000000 | 00000000 | BR_iss=0 BR_wb=0 BR_mis=0 | ALU_iss=1 ALU_wb=1 | LSU_iss=0 LSU_wb=0 | CDB=1
             2425000 |   080   |     1     |     0    |      4    |   0    |     0     | 00000000 | 00000000 | BR_iss=0 BR_wb=0 BR_mis=0 | ALU_iss=1 ALU_wb=1 | LSU_iss=0 LSU_wb=0 | CDB=1
             2435000 |   084   |     1     |     0    |      5    |   0    |     0     | 00000000 | 00000000 | BR_iss=1 BR_wb=1 BR_mis=1 | ALU_iss=0 ALU_wb=0 | LSU_iss=0 LSU_wb=0 | CDB=1
             2445000 |   074   |     0     |     0    |      0    |   0    |     0     | 00000000 | 00000000 | BR_iss=0 BR_wb=0 BR_mis=0 | ALU_iss=0 ALU_wb=0 | LSU_iss=0 LSU_wb=0 | CDB=0
             2455000 |   078   |     1     |     0    |      0    |   0    |     0     | 00000000 | 00000000 | BR_iss=0 BR_wb=0 BR_mis=0 | ALU_iss=0 ALU_wb=0 | LSU_iss=0 LSU_wb=0 | CDB=0
             2465000 |   07c   |     1     |     0    |      1    |   0    |     0     | 00000000 | 00000000 | BR_iss=0 BR_wb=0 BR_mis=0 | ALU_iss=1 ALU_wb=1 | LSU_iss=0 LSU_wb=0 | CDB=1
             2475000 |   080   |     0     |     0    |      2    |   0    |     0     | 00000000 | 00000000 | BR_iss=1 BR_wb=1 BR_mis=1 | ALU_iss=0 ALU_wb=0 | LSU_iss=0 LSU_wb=0 | CDB=1
             2485000 |   05c   |     0     |     0    |      0    |   0    |     0     | 00000000 | 00000000 | BR_iss=0 BR_wb=0 BR_mis=0 | ALU_iss=0 ALU_wb=0 | LSU_iss=0 LSU_wb=0 | CDB=0
             2495000 |   060   |     0     |     0    |      0    |   0    |     0     | 00000000 | 00000000 | BR_iss=0 BR_wb=0 BR_mis=0 | ALU_iss=0 ALU_wb=0 | LSU_iss=0 LSU_wb=0 | CDB=0
             2505000 |   064   |     1     |     0    |      0    |   0    |     0     | 00000000 | 00000000 | BR_iss=0 BR_wb=0 BR_mis=0 | ALU_iss=0 ALU_wb=0 | LSU_iss=0 LSU_wb=0 | CDB=0
             2515000 |   068   |     0     |     0    |      1    |   0    |     0     | 00000000 | 00000000 | BR_iss=0 BR_wb=0 BR_mis=0 | ALU_iss=1 ALU_wb=1 | LSU_iss=0 LSU_wb=0 | CDB=1
             2525000 |   06c   |     0     |     0    |      1    |   0    |     0     | 00000000 | 00000000 | BR_iss=0 BR_wb=0 BR_mis=0 | ALU_iss=0 ALU_wb=0 | LSU_iss=0 LSU_wb=0 | CDB=0
             2535000 |   070   |     0     |     0    |      1    |   0    |     0     | 00000000 | 00000000 | BR_iss=0 BR_wb=0 BR_mis=0 | ALU_iss=0 ALU_wb=0 | LSU_iss=0 LSU_wb=0 | CDB=0
             2545000 |   074   |     1     |     0    |      1    |   0    |     0     | 00000000 | 00000000 | BR_iss=0 BR_wb=0 BR_mis=0 | ALU_iss=0 ALU_wb=0 | LSU_iss=0 LSU_wb=0 | CDB=0
             2555000 |   078   |     1     |     0    |      2    |   0    |     0     | 00000000 | 00000000 | BR_iss=0 BR_wb=0 BR_mis=0 | ALU_iss=1 ALU_wb=1 | LSU_iss=0 LSU_wb=0 | CDB=1
             2565000 |   07c   |     1     |     0    |      3    |   0    |     0     | 00000000 | 00000000 | BR_iss=0 BR_wb=0 BR_mis=0 | ALU_iss=1 ALU_wb=1 | LSU_iss=0 LSU_wb=0 | CDB=1
             2575000 |   080   |     1     |     0    |      4    |   1    |     0     | 00000000 | 00000000 | BR_iss=0 BR_wb=0 BR_mis=0 | ALU_iss=1 ALU_wb=1 | LSU_iss=0 LSU_wb=0 | CDB=1
             2585000 |   084   |     1     |     1    |      4    |   1    |     1     | 00000000 | 00000000 | BR_iss=1 BR_wb=1 BR_mis=1 | ALU_iss=0 ALU_wb=0 | LSU_iss=0 LSU_wb=0 | CDB=1
             2595000 |   074   |     0     |     0    |      0    |   0    |     0     | 00000000 | 00000000 | BR_iss=0 BR_wb=0 BR_mis=0 | ALU_iss=0 ALU_wb=0 | LSU_iss=0 LSU_wb=0 | CDB=0
             2605000 |   078   |     1     |     0    |      0    |   0    |     0     | 00000000 | 00000000 | BR_iss=0 BR_wb=0 BR_mis=0 | ALU_iss=0 ALU_wb=0 | LSU_iss=0 LSU_wb=0 | CDB=0
             2615000 |   07c   |     1     |     0    |      1    |   0    |     0     | 00000000 | 00000000 | BR_iss=0 BR_wb=0 BR_mis=0 | ALU_iss=1 ALU_wb=1 | LSU_iss=0 LSU_wb=0 | CDB=1
             2625000 |   080   |     0     |     0    |      2    |   0    |     0     | 00000000 | 00000000 | BR_iss=1 BR_wb=1 BR_mis=1 | ALU_iss=0 ALU_wb=0 | LSU_iss=0 LSU_wb=0 | CDB=1
             2635000 |   05c   |     0     |     0    |      0    |   0    |     0     | 00000000 | 00000000 | BR_iss=0 BR_wb=0 BR_mis=0 | ALU_iss=0 ALU_wb=0 | LSU_iss=0 LSU_wb=0 | CDB=0
             2645000 |   060   |     0     |     0    |      0    |   0    |     0     | 00000000 | 00000000 | BR_iss=0 BR_wb=0 BR_mis=0 | ALU_iss=0 ALU_wb=0 | LSU_iss=0 LSU_wb=0 | CDB=0
             2655000 |   064   |     1     |     0    |      0    |   0    |     0     | 00000000 | 00000000 | BR_iss=0 BR_wb=0 BR_mis=0 | ALU_iss=0 ALU_wb=0 | LSU_iss=0 LSU_wb=0 | CDB=0
             2665000 |   068   |     0     |     0    |      1    |   0    |     0     | 00000000 | 00000000 | BR_iss=0 BR_wb=0 BR_mis=0 | ALU_iss=1 ALU_wb=1 | LSU_iss=0 LSU_wb=0 | CDB=1
             2675000 |   06c   |     0     |     0    |      1    |   0    |     0     | 00000000 | 00000000 | BR_iss=0 BR_wb=0 BR_mis=0 | ALU_iss=0 ALU_wb=0 | LSU_iss=0 LSU_wb=0 | CDB=0
             2685000 |   070   |     0     |     0    |      1    |   0    |     0     | 00000000 | 00000000 | BR_iss=0 BR_wb=0 BR_mis=0 | ALU_iss=0 ALU_wb=0 | LSU_iss=0 LSU_wb=0 | CDB=0
             2695000 |   074   |     1     |     0    |      1    |   0    |     0     | 00000000 | 00000000 | BR_iss=0 BR_wb=0 BR_mis=0 | ALU_iss=0 ALU_wb=0 | LSU_iss=0 LSU_wb=0 | CDB=0
             2705000 |   078   |     1     |     0    |      2    |   0    |     0     | 00000000 | 00000000 | BR_iss=0 BR_wb=0 BR_mis=0 | ALU_iss=1 ALU_wb=1 | LSU_iss=0 LSU_wb=0 | CDB=1
             2715000 |   07c   |     1     |     0    |      3    |   0    |     0     | 00000000 | 00000000 | BR_iss=0 BR_wb=0 BR_mis=0 | ALU_iss=1 ALU_wb=1 | LSU_iss=0 LSU_wb=0 | CDB=1
             2725000 |   080   |     1     |     0    |      4    |   0    |     0     | 00000000 | 00000000 | BR_iss=0 BR_wb=0 BR_mis=0 | ALU_iss=1 ALU_wb=1 | LSU_iss=0 LSU_wb=0 | CDB=1
             2735000 |   084   |     1     |     0    |      5    |   0    |     0     | 00000000 | 00000000 | BR_iss=1 BR_wb=1 BR_mis=1 | ALU_iss=0 ALU_wb=0 | LSU_iss=0 LSU_wb=0 | CDB=1
             2745000 |   074   |     0     |     0    |      0    |   0    |     0     | 00000000 | 00000000 | BR_iss=0 BR_wb=0 BR_mis=0 | ALU_iss=0 ALU_wb=0 | LSU_iss=0 LSU_wb=0 | CDB=0
             2755000 |   078   |     1     |     0    |      0    |   0    |     0     | 00000000 | 00000000 | BR_iss=0 BR_wb=0 BR_mis=0 | ALU_iss=0 ALU_wb=0 | LSU_iss=0 LSU_wb=0 | CDB=0
             2765000 |   07c   |     1     |     0    |      1    |   0    |     0     | 00000000 | 00000000 | BR_iss=0 BR_wb=0 BR_mis=0 | ALU_iss=1 ALU_wb=1 | LSU_iss=0 LSU_wb=0 | CDB=1
             2775000 |   080   |     0     |     0    |      2    |   0    |     0     | 00000000 | 00000000 | BR_iss=1 BR_wb=1 BR_mis=1 | ALU_iss=0 ALU_wb=0 | LSU_iss=0 LSU_wb=0 | CDB=1
             2785000 |   05c   |     0     |     0    |      0    |   0    |     0     | 00000000 | 00000000 | BR_iss=0 BR_wb=0 BR_mis=0 | ALU_iss=0 ALU_wb=0 | LSU_iss=0 LSU_wb=0 | CDB=0
             2795000 |   060   |     0     |     0    |      0    |   0    |     0     | 00000000 | 00000000 | BR_iss=0 BR_wb=0 BR_mis=0 | ALU_iss=0 ALU_wb=0 | LSU_iss=0 LSU_wb=0 | CDB=0
             2805000 |   064   |     1     |     0    |      0    |   0    |     0     | 00000000 | 00000000 | BR_iss=0 BR_wb=0 BR_mis=0 | ALU_iss=0 ALU_wb=0 | LSU_iss=0 LSU_wb=0 | CDB=0
             2815000 |   068   |     0     |     0    |      1    |   0    |     0     | 00000000 | 00000000 | BR_iss=0 BR_wb=0 BR_mis=0 | ALU_iss=1 ALU_wb=1 | LSU_iss=0 LSU_wb=0 | CDB=1
             2825000 |   06c   |     0     |     0    |      1    |   0    |     0     | 00000000 | 00000000 | BR_iss=0 BR_wb=0 BR_mis=0 | ALU_iss=0 ALU_wb=0 | LSU_iss=0 LSU_wb=0 | CDB=0
             2835000 |   070   |     0     |     0    |      1    |   0    |     0     | 00000000 | 00000000 | BR_iss=0 BR_wb=0 BR_mis=0 | ALU_iss=0 ALU_wb=0 | LSU_iss=0 LSU_wb=0 | CDB=0
             2845000 |   074   |     1     |     0    |      1    |   0    |     0     | 00000000 | 00000000 | BR_iss=0 BR_wb=0 BR_mis=0 | ALU_iss=0 ALU_wb=0 | LSU_iss=0 LSU_wb=0 | CDB=0
             2855000 |   078   |     1     |     0    |      2    |   0    |     0     | 00000000 | 00000000 | BR_iss=0 BR_wb=0 BR_mis=0 | ALU_iss=1 ALU_wb=1 | LSU_iss=0 LSU_wb=0 | CDB=1
             2865000 |   07c   |     1     |     0    |      3    |   0    |     0     | 00000000 | 00000000 | BR_iss=0 BR_wb=0 BR_mis=0 | ALU_iss=1 ALU_wb=1 | LSU_iss=0 LSU_wb=0 | CDB=1
             2875000 |   080   |     1     |     0    |      4    |   0    |     0     | 00000000 | 00000000 | BR_iss=0 BR_wb=0 BR_mis=0 | ALU_iss=1 ALU_wb=1 | LSU_iss=0 LSU_wb=0 | CDB=1
             2885000 |   084   |     1     |     0    |      5    |   0    |     0     | 00000000 | 00000000 | BR_iss=1 BR_wb=1 BR_mis=1 | ALU_iss=0 ALU_wb=0 | LSU_iss=0 LSU_wb=0 | CDB=1
             2895000 |   074   |     0     |     0    |      0    |   0    |     0     | 00000000 | 00000000 | BR_iss=0 BR_wb=0 BR_mis=0 | ALU_iss=0 ALU_wb=0 | LSU_iss=0 LSU_wb=0 | CDB=0
             2905000 |   078   |     1     |     0    |      0    |   0    |     0     | 00000000 | 00000000 | BR_iss=0 BR_wb=0 BR_mis=0 | ALU_iss=0 ALU_wb=0 | LSU_iss=0 LSU_wb=0 | CDB=0
             2915000 |   07c   |     1     |     0    |      1    |   0    |     0     | 00000000 | 00000000 | BR_iss=0 BR_wb=0 BR_mis=0 | ALU_iss=1 ALU_wb=1 | LSU_iss=0 LSU_wb=0 | CDB=1
             2925000 |   080   |     0     |     0    |      2    |   0    |     0     | 00000000 | 00000000 | BR_iss=1 BR_wb=1 BR_mis=1 | ALU_iss=0 ALU_wb=0 | LSU_iss=0 LSU_wb=0 | CDB=1
             2935000 |   05c   |     0     |     0    |      0    |   0    |     0     | 00000000 | 00000000 | BR_iss=0 BR_wb=0 BR_mis=0 | ALU_iss=0 ALU_wb=0 | LSU_iss=0 LSU_wb=0 | CDB=0
             2945000 |   060   |     0     |     0    |      0    |   0    |     0     | 00000000 | 00000000 | BR_iss=0 BR_wb=0 BR_mis=0 | ALU_iss=0 ALU_wb=0 | LSU_iss=0 LSU_wb=0 | CDB=0
             2955000 |   064   |     1     |     0    |      0    |   0    |     0     | 00000000 | 00000000 | BR_iss=0 BR_wb=0 BR_mis=0 | ALU_iss=0 ALU_wb=0 | LSU_iss=0 LSU_wb=0 | CDB=0
             2965000 |   068   |     0     |     0    |      1    |   0    |     0     | 00000000 | 00000000 | BR_iss=0 BR_wb=0 BR_mis=0 | ALU_iss=1 ALU_wb=1 | LSU_iss=0 LSU_wb=0 | CDB=1
             2975000 |   06c   |     0     |     0    |      1    |   0    |     0     | 00000000 | 00000000 | BR_iss=0 BR_wb=0 BR_mis=0 | ALU_iss=0 ALU_wb=0 | LSU_iss=0 LSU_wb=0 | CDB=0
             2985000 |   070   |     0     |     0    |      1    |   0    |     0     | 00000000 | 00000000 | BR_iss=0 BR_wb=0 BR_mis=0 | ALU_iss=0 ALU_wb=0 | LSU_iss=0 LSU_wb=0 | CDB=0
             2995000 |   074   |     1     |     0    |      1    |   0    |     0     | 00000000 | 00000000 | BR_iss=0 BR_wb=0 BR_mis=0 | ALU_iss=0 ALU_wb=0 | LSU_iss=0 LSU_wb=0 | CDB=0
             3005000 |   078   |     1     |     0    |      2    |   0    |     0     | 00000000 | 00000000 | BR_iss=0 BR_wb=0 BR_mis=0 | ALU_iss=1 ALU_wb=1 | LSU_iss=0 LSU_wb=0 | CDB=1
             3015000 |   07c   |     1     |     0    |      3    |   0    |     0     | 00000000 | 00000000 | BR_iss=0 BR_wb=0 BR_mis=0 | ALU_iss=1 ALU_wb=1 | LSU_iss=0 LSU_wb=0 | CDB=1
             3025000 |   080   |     1     |     0    |      4    |   0    |     0     | 00000000 | 00000000 | BR_iss=0 BR_wb=0 BR_mis=0 | ALU_iss=1 ALU_wb=1 | LSU_iss=0 LSU_wb=0 | CDB=1
             3035000 |   084   |     1     |     0    |      5    |   0    |     0     | 00000000 | 00000000 | BR_iss=1 BR_wb=1 BR_mis=1 | ALU_iss=0 ALU_wb=0 | LSU_iss=0 LSU_wb=0 | CDB=1
             3045000 |   074   |     0     |     0    |      0    |   0    |     0     | 00000000 | 00000000 | BR_iss=0 BR_wb=0 BR_mis=0 | ALU_iss=0 ALU_wb=0 | LSU_iss=0 LSU_wb=0 | CDB=0
             3055000 |   078   |     1     |     0    |      0    |   0    |     0     | 00000000 | 00000000 | BR_iss=0 BR_wb=0 BR_mis=0 | ALU_iss=0 ALU_wb=0 | LSU_iss=0 LSU_wb=0 | CDB=0
             3065000 |   07c   |     1     |     0    |      1    |   0    |     0     | 00000000 | 00000000 | BR_iss=0 BR_wb=0 BR_mis=0 | ALU_iss=1 ALU_wb=1 | LSU_iss=0 LSU_wb=0 | CDB=1
             3075000 |   080   |     0     |     0    |      2    |   0    |     0     | 00000000 | 00000000 | BR_iss=1 BR_wb=1 BR_mis=1 | ALU_iss=0 ALU_wb=0 | LSU_iss=0 LSU_wb=0 | CDB=1
             3085000 |   05c   |     0     |     0    |      0    |   0    |     0     | 00000000 | 00000000 | BR_iss=0 BR_wb=0 BR_mis=0 | ALU_iss=0 ALU_wb=0 | LSU_iss=0 LSU_wb=0 | CDB=0
             3095000 |   060   |     0     |     0    |      0    |   0    |     0     | 00000000 | 00000000 | BR_iss=0 BR_wb=0 BR_mis=0 | ALU_iss=0 ALU_wb=0 | LSU_iss=0 LSU_wb=0 | CDB=0
             3105000 |   064   |     1     |     0    |      0    |   0    |     0     | 00000000 | 00000000 | BR_iss=0 BR_wb=0 BR_mis=0 | ALU_iss=0 ALU_wb=0 | LSU_iss=0 LSU_wb=0 | CDB=0
             3115000 |   068   |     0     |     0    |      1    |   0    |     0     | 00000000 | 00000000 | BR_iss=0 BR_wb=0 BR_mis=0 | ALU_iss=1 ALU_wb=1 | LSU_iss=0 LSU_wb=0 | CDB=1
             3125000 |   06c   |     0     |     0    |      1    |   0    |     0     | 00000000 | 00000000 | BR_iss=0 BR_wb=0 BR_mis=0 | ALU_iss=0 ALU_wb=0 | LSU_iss=0 LSU_wb=0 | CDB=0
             3135000 |   070   |     0     |     0    |      1    |   0    |     0     | 00000000 | 00000000 | BR_iss=0 BR_wb=0 BR_mis=0 | ALU_iss=0 ALU_wb=0 | LSU_iss=0 LSU_wb=0 | CDB=0
             3145000 |   074   |     1     |     0    |      1    |   0    |     0     | 00000000 | 00000000 | BR_iss=0 BR_wb=0 BR_mis=0 | ALU_iss=0 ALU_wb=0 | LSU_iss=0 LSU_wb=0 | CDB=0
             3155000 |   078   |     1     |     0    |      2    |   0    |     0     | 00000000 | 00000000 | BR_iss=0 BR_wb=0 BR_mis=0 | ALU_iss=1 ALU_wb=1 | LSU_iss=0 LSU_wb=0 | CDB=1
             3165000 |   07c   |     1     |     0    |      3    |   0    |     0     | 00000000 | 00000000 | BR_iss=0 BR_wb=0 BR_mis=0 | ALU_iss=1 ALU_wb=1 | LSU_iss=0 LSU_wb=0 | CDB=1
             3175000 |   080   |     1     |     0    |      4    |   0    |     0     | 00000000 | 00000000 | BR_iss=0 BR_wb=0 BR_mis=0 | ALU_iss=1 ALU_wb=1 | LSU_iss=0 LSU_wb=0 | CDB=1
             3185000 |   084   |     1     |     0    |      5    |   0    |     0     | 00000000 | 00000000 | BR_iss=1 BR_wb=1 BR_mis=1 | ALU_iss=0 ALU_wb=0 | LSU_iss=0 LSU_wb=0 | CDB=1
             3195000 |   074   |     0     |     0    |      0    |   0    |     0     | 00000000 | 00000000 | BR_iss=0 BR_wb=0 BR_mis=0 | ALU_iss=0 ALU_wb=0 | LSU_iss=0 LSU_wb=0 | CDB=0
             3205000 |   078   |     1     |     0    |      0    |   0    |     0     | 00000000 | 00000000 | BR_iss=0 BR_wb=0 BR_mis=0 | ALU_iss=0 ALU_wb=0 | LSU_iss=0 LSU_wb=0 | CDB=0
             3215000 |   07c   |     1     |     0    |      1    |   0    |     0     | 00000000 | 00000000 | BR_iss=0 BR_wb=0 BR_mis=0 | ALU_iss=1 ALU_wb=1 | LSU_iss=0 LSU_wb=0 | CDB=1
             3225000 |   080   |     0     |     0    |      2    |   0    |     0     | 00000000 | 00000000 | BR_iss=1 BR_wb=1 BR_mis=1 | ALU_iss=0 ALU_wb=0 | LSU_iss=0 LSU_wb=0 | CDB=1
             3235000 |   05c   |     0     |     0    |      0    |   0    |     0     | 00000000 | 00000000 | BR_iss=0 BR_wb=0 BR_mis=0 | ALU_iss=0 ALU_wb=0 | LSU_iss=0 LSU_wb=0 | CDB=0
             3245000 |   060   |     0     |     0    |      0    |   0    |     0     | 00000000 | 00000000 | BR_iss=0 BR_wb=0 BR_mis=0 | ALU_iss=0 ALU_wb=0 | LSU_iss=0 LSU_wb=0 | CDB=0
             3255000 |   064   |     1     |     0    |      0    |   0    |     0     | 00000000 | 00000000 | BR_iss=0 BR_wb=0 BR_mis=0 | ALU_iss=0 ALU_wb=0 | LSU_iss=0 LSU_wb=0 | CDB=0
             3265000 |   068   |     0     |     0    |      1    |   0    |     0     | 00000000 | 00000000 | BR_iss=0 BR_wb=0 BR_mis=0 | ALU_iss=1 ALU_wb=1 | LSU_iss=0 LSU_wb=0 | CDB=1
             3275000 |   06c   |     0     |     0    |      1    |   0    |     0     | 00000000 | 00000000 | BR_iss=0 BR_wb=0 BR_mis=0 | ALU_iss=0 ALU_wb=0 | LSU_iss=0 LSU_wb=0 | CDB=0
             3285000 |   070   |     0     |     0    |      1    |   0    |     0     | 00000000 | 00000000 | BR_iss=0 BR_wb=0 BR_mis=0 | ALU_iss=0 ALU_wb=0 | LSU_iss=0 LSU_wb=0 | CDB=0
             3295000 |   074   |     1     |     0    |      1    |   0    |     0     | 00000000 | 00000000 | BR_iss=0 BR_wb=0 BR_mis=0 | ALU_iss=0 ALU_wb=0 | LSU_iss=0 LSU_wb=0 | CDB=0
             3305000 |   078   |     1     |     0    |      2    |   0    |     0     | 00000000 | 00000000 | BR_iss=0 BR_wb=0 BR_mis=0 | ALU_iss=1 ALU_wb=1 | LSU_iss=0 LSU_wb=0 | CDB=1
             3315000 |   07c   |     1     |     0    |      3    |   0    |     0     | 00000000 | 00000000 | BR_iss=0 BR_wb=0 BR_mis=0 | ALU_iss=1 ALU_wb=1 | LSU_iss=0 LSU_wb=0 | CDB=1
             3325000 |   080   |     1     |     0    |      4    |   0    |     0     | 00000000 | 00000000 | BR_iss=0 BR_wb=0 BR_mis=0 | ALU_iss=1 ALU_wb=1 | LSU_iss=0 LSU_wb=0 | CDB=1
             3335000 |   084   |     1     |     0    |      5    |   0    |     0     | 00000000 | 00000000 | BR_iss=1 BR_wb=1 BR_mis=1 | ALU_iss=0 ALU_wb=0 | LSU_iss=0 LSU_wb=0 | CDB=1
             3345000 |   074   |     0     |     0    |      0    |   0    |     0     | 00000000 | 00000000 | BR_iss=0 BR_wb=0 BR_mis=0 | ALU_iss=0 ALU_wb=0 | LSU_iss=0 LSU_wb=0 | CDB=0
             3355000 |   078   |     1     |     0    |      0    |   0    |     0     | 00000000 | 00000000 | BR_iss=0 BR_wb=0 BR_mis=0 | ALU_iss=0 ALU_wb=0 | LSU_iss=0 LSU_wb=0 | CDB=0
             3365000 |   07c   |     1     |     0    |      1    |   0    |     0     | 00000000 | 00000000 | BR_iss=0 BR_wb=0 BR_mis=0 | ALU_iss=1 ALU_wb=1 | LSU_iss=0 LSU_wb=0 | CDB=1
             3375000 |   080   |     0     |     0    |      2    |   0    |     0     | 00000000 | 00000000 | BR_iss=1 BR_wb=1 BR_mis=1 | ALU_iss=0 ALU_wb=0 | LSU_iss=0 LSU_wb=0 | CDB=1
             3385000 |   05c   |     0     |     0    |      0    |   0    |     0     | 00000000 | 00000000 | BR_iss=0 BR_wb=0 BR_mis=0 | ALU_iss=0 ALU_wb=0 | LSU_iss=0 LSU_wb=0 | CDB=0
             3395000 |   060   |     0     |     0    |      0    |   0    |     0     | 00000000 | 00000000 | BR_iss=0 BR_wb=0 BR_mis=0 | ALU_iss=0 ALU_wb=0 | LSU_iss=0 LSU_wb=0 | CDB=0
             3405000 |   064   |     1     |     0    |      0    |   0    |     0     | 00000000 | 00000000 | BR_iss=0 BR_wb=0 BR_mis=0 | ALU_iss=0 ALU_wb=0 | LSU_iss=0 LSU_wb=0 | CDB=0
             3415000 |   068   |     0     |     0    |      1    |   0    |     0     | 00000000 | 00000000 | BR_iss=0 BR_wb=0 BR_mis=0 | ALU_iss=1 ALU_wb=1 | LSU_iss=0 LSU_wb=0 | CDB=1
             3425000 |   06c   |     0     |     0    |      1    |   0    |     0     | 00000000 | 00000000 | BR_iss=0 BR_wb=0 BR_mis=0 | ALU_iss=0 ALU_wb=0 | LSU_iss=0 LSU_wb=0 | CDB=0
             3435000 |   070   |     0     |     0    |      1    |   0    |     0     | 00000000 | 00000000 | BR_iss=0 BR_wb=0 BR_mis=0 | ALU_iss=0 ALU_wb=0 | LSU_iss=0 LSU_wb=0 | CDB=0
             3445000 |   074   |     1     |     0    |      1    |   0    |     0     | 00000000 | 00000000 | BR_iss=0 BR_wb=0 BR_mis=0 | ALU_iss=0 ALU_wb=0 | LSU_iss=0 LSU_wb=0 | CDB=0
             3455000 |   078   |     1     |     0    |      2    |   0    |     0     | 00000000 | 00000000 | BR_iss=0 BR_wb=0 BR_mis=0 | ALU_iss=1 ALU_wb=1 | LSU_iss=0 LSU_wb=0 | CDB=1
             3465000 |   07c   |     1     |     0    |      3    |   0    |     0     | 00000000 | 00000000 | BR_iss=0 BR_wb=0 BR_mis=0 | ALU_iss=1 ALU_wb=1 | LSU_iss=0 LSU_wb=0 | CDB=1
             3475000 |   080   |     1     |     0    |      4    |   0    |     0     | 00000000 | 00000000 | BR_iss=0 BR_wb=0 BR_mis=0 | ALU_iss=1 ALU_wb=1 | LSU_iss=0 LSU_wb=0 | CDB=1
             3485000 |   084   |     1     |     0    |      5    |   0    |     0     | 00000000 | 00000000 | BR_iss=1 BR_wb=1 BR_mis=1 | ALU_iss=0 ALU_wb=0 | LSU_iss=0 LSU_wb=0 | CDB=1
             3495000 |   074   |     0     |     0    |      0    |   0    |     0     | 00000000 | 00000000 | BR_iss=0 BR_wb=0 BR_mis=0 | ALU_iss=0 ALU_wb=0 | LSU_iss=0 LSU_wb=0 | CDB=0
             3505000 |   078   |     1     |     0    |      0    |   0    |     0     | 00000000 | 00000000 | BR_iss=0 BR_wb=0 BR_mis=0 | ALU_iss=0 ALU_wb=0 | LSU_iss=0 LSU_wb=0 | CDB=0
             3515000 |   07c   |     0     |     0    |      1    |   0    |     0     | 00000000 | 00000000 | BR_iss=0 BR_wb=0 BR_mis=0 | ALU_iss=1 ALU_wb=1 | LSU_iss=0 LSU_wb=0 | CDB=1
             3525000 |   080   |     0     |     0    |      1    |   0    |     0     | 00000000 | 00000000 | BR_iss=0 BR_wb=0 BR_mis=0 | ALU_iss=0 ALU_wb=0 | LSU_iss=0 LSU_wb=0 | CDB=0
             3535000 |   084   |     0     |     0    |      1    |   0    |     0     | 00000000 | 00000000 | BR_iss=0 BR_wb=0 BR_mis=0 | ALU_iss=0 ALU_wb=0 | LSU_iss=0 LSU_wb=0 | CDB=0
             3545000 |   088   |     0     |     0    |      1    |   0    |     0     | 00000000 | 00000000 | BR_iss=0 BR_wb=0 BR_mis=0 | ALU_iss=0 ALU_wb=0 | LSU_iss=0 LSU_wb=0 | CDB=0
             3555000 |   08c   |     0     |     0    |      1    |   0    |     0     | 00000000 | 00000000 | BR_iss=0 BR_wb=0 BR_mis=0 | ALU_iss=0 ALU_wb=0 | LSU_iss=0 LSU_wb=0 | CDB=0
             3565000 |   090   |     0     |     0    |      1    |   0    |     0     | 00000000 | 00000000 | BR_iss=0 BR_wb=0 BR_mis=0 | ALU_iss=0 ALU_wb=0 | LSU_iss=0 LSU_wb=0 | CDB=0
             3575000 |   090   |     0     |     0    |      1    |   0    |     0     | 00000000 | 00000000 | BR_iss=0 BR_wb=0 BR_mis=0 | ALU_iss=0 ALU_wb=0 | LSU_iss=0 LSU_wb=0 | CDB=0
             3585000 |   090   |     0     |     0    |      1    |   0    |     0     | 00000000 | 00000000 | BR_iss=0 BR_wb=0 BR_mis=0 | ALU_iss=0 ALU_wb=0 | LSU_iss=0 LSU_wb=0 | CDB=0
             3595000 |   090   |     0     |     0    |      1    |   0    |     0     | 00000000 | 00000000 | BR_iss=0 BR_wb=0 BR_mis=0 | ALU_iss=0 ALU_wb=0 | LSU_iss=0 LSU_wb=0 | CDB=0
             3605000 |   090   |     0     |     0    |      1    |   0    |     0     | 00000000 | 00000000 | BR_iss=0 BR_wb=0 BR_mis=0 | ALU_iss=0 ALU_wb=0 | LSU_iss=0 LSU_wb=0 | CDB=0
             3615000 |   090   |     0     |     0    |      1    |   0    |     0     | 00000000 | 00000000 | BR_iss=0 BR_wb=0 BR_mis=0 | ALU_iss=0 ALU_wb=0 | LSU_iss=0 LSU_wb=0 | CDB=0
             3625000 |   090   |     0     |     0    |      1    |   0    |     0     | 00000000 | 00000000 | BR_iss=0 BR_wb=0 BR_mis=0 | ALU_iss=0 ALU_wb=0 | LSU_iss=0 LSU_wb=0 | CDB=0
             3635000 |   090   |     0     |     0    |      1    |   0    |     0     | 00000000 | 00000000 | BR_iss=0 BR_wb=0 BR_mis=0 | ALU_iss=0 ALU_wb=0 | LSU_iss=0 LSU_wb=0 | CDB=0
             3645000 |   090   |     0     |     0    |      1    |   0    |     0     | 00000000 | 00000000 | BR_iss=0 BR_wb=0 BR_mis=0 | ALU_iss=0 ALU_wb=0 | LSU_iss=0 LSU_wb=0 | CDB=0
             3655000 |   090   |     0     |     0    |      1    |   0    |     0     | 00000000 | 00000000 | BR_iss=0 BR_wb=0 BR_mis=0 | ALU_iss=0 ALU_wb=0 | LSU_iss=0 LSU_wb=0 | CDB=0
             3665000 |   090   |     0     |     0    |      1    |   0    |     0     | 00000000 | 00000000 | BR_iss=0 BR_wb=0 BR_mis=0 | ALU_iss=0 ALU_wb=0 | LSU_iss=0 LSU_wb=0 | CDB=0
             3675000 |   090   |     0     |     0    |      1    |   0    |     0     | 00000000 | 00000000 | BR_iss=0 BR_wb=0 BR_mis=0 | ALU_iss=0 ALU_wb=0 | LSU_iss=0 LSU_wb=0 | CDB=0
             3685000 |   090   |     0     |     0    |      1    |   0    |     0     | 00000000 | 00000000 | BR_iss=0 BR_wb=0 BR_mis=0 | ALU_iss=0 ALU_wb=0 | LSU_iss=0 LSU_wb=0 | CDB=0
             3695000 |   090   |     0     |     0    |      1    |   0    |     0     | 00000000 | 00000000 | BR_iss=0 BR_wb=0 BR_mis=0 | ALU_iss=0 ALU_wb=0 | LSU_iss=0 LSU_wb=0 | CDB=0
             3705000 |   090   |     0     |     0    |      1    |   0    |     0     | 00000000 | 00000000 | BR_iss=0 BR_wb=0 BR_mis=0 | ALU_iss=0 ALU_wb=0 | LSU_iss=0 LSU_wb=0 | CDB=0
             3715000 |   090   |     0     |     0    |      1    |   0    |     0     | 00000000 | 00000000 | BR_iss=0 BR_wb=0 BR_mis=0 | ALU_iss=0 ALU_wb=0 | LSU_iss=0 LSU_wb=0 | CDB=0
             3725000 |   090   |     0     |     0    |      1    |   0    |     0     | 00000000 | 00000000 | BR_iss=0 BR_wb=0 BR_mis=0 | ALU_iss=0 ALU_wb=0 | LSU_iss=0 LSU_wb=0 | CDB=0
             3735000 |   090   |     0     |     0    |      1    |   0    |     0     | 00000000 | 00000000 | BR_iss=0 BR_wb=0 BR_mis=0 | ALU_iss=0 ALU_wb=0 | LSU_iss=0 LSU_wb=0 | CDB=0
             3745000 |   090   |     0     |     0    |      1    |   0    |     0     | 00000000 | 00000000 | BR_iss=0 BR_wb=0 BR_mis=0 | ALU_iss=0 ALU_wb=0 | LSU_iss=0 LSU_wb=0 | CDB=0
             3755000 |   090   |     0     |     0    |      1    |   0    |     0     | 00000000 | 00000000 | BR_iss=0 BR_wb=0 BR_mis=0 | ALU_iss=0 ALU_wb=0 | LSU_iss=0 LSU_wb=0 | CDB=0
             3765000 |   090   |     0     |     0    |      1    |   0    |     0     | 00000000 | 00000000 | BR_iss=0 BR_wb=0 BR_mis=0 | ALU_iss=0 ALU_wb=0 | LSU_iss=0 LSU_wb=0 | CDB=0
             3775000 |   090   |     0     |     0    |      1    |   0    |     0     | 00000000 | 00000000 | BR_iss=0 BR_wb=0 BR_mis=0 | ALU_iss=0 ALU_wb=0 | LSU_iss=0 LSU_wb=0 | CDB=0
             3785000 |   090   |     0     |     0    |      1    |   0    |     0     | 00000000 | 00000000 | BR_iss=0 BR_wb=0 BR_mis=0 | ALU_iss=0 ALU_wb=0 | LSU_iss=0 LSU_wb=0 | CDB=0
             3795000 |   090   |     0     |     0    |      1    |   0    |     0     | 00000000 | 00000000 | BR_iss=0 BR_wb=0 BR_mis=0 | ALU_iss=0 ALU_wb=0 | LSU_iss=0 LSU_wb=0 | CDB=0
             3805000 |   090   |     0     |     0    |      1    |   0    |     0     | 00000000 | 00000000 | BR_iss=0 BR_wb=0 BR_mis=0 | ALU_iss=0 ALU_wb=0 | LSU_iss=0 LSU_wb=0 | CDB=0
             3815000 |   090   |     0     |     0    |      1    |   0    |     0     | 00000000 | 00000000 | BR_iss=0 BR_wb=0 BR_mis=0 | ALU_iss=0 ALU_wb=0 | LSU_iss=0 LSU_wb=0 | CDB=0
             3825000 |   090   |     0     |     0    |      1    |   0    |     0     | 00000000 | 00000000 | BR_iss=0 BR_wb=0 BR_mis=0 | ALU_iss=0 ALU_wb=0 | LSU_iss=0 LSU_wb=0 | CDB=0
             3835000 |   090   |     0     |     0    |      1    |   0    |     0     | 00000000 | 00000000 | BR_iss=0 BR_wb=0 BR_mis=0 | ALU_iss=0 ALU_wb=0 | LSU_iss=0 LSU_wb=0 | CDB=0
             3845000 |   090   |     0     |     0    |      1    |   0    |     0     | 00000000 | 00000000 | BR_iss=0 BR_wb=0 BR_mis=0 | ALU_iss=0 ALU_wb=0 | LSU_iss=0 LSU_wb=0 | CDB=0
             3855000 |   090   |     0     |     0    |      1    |   0    |     0     | 00000000 | 00000000 | BR_iss=0 BR_wb=0 BR_mis=0 | ALU_iss=0 ALU_wb=0 | LSU_iss=0 LSU_wb=0 | CDB=0
             3865000 |   090   |     0     |     0    |      1    |   0    |     0     | 00000000 | 00000000 | BR_iss=0 BR_wb=0 BR_mis=0 | ALU_iss=0 ALU_wb=0 | LSU_iss=0 LSU_wb=0 | CDB=0
             3875000 |   090   |     0     |     0    |      1    |   0    |     0     | 00000000 | 00000000 | BR_iss=0 BR_wb=0 BR_mis=0 | ALU_iss=0 ALU_wb=0 | LSU_iss=0 LSU_wb=0 | CDB=0
             3885000 |   090   |     0     |     0    |      1    |   0    |     0     | 00000000 | 00000000 | BR_iss=0 BR_wb=0 BR_mis=0 | ALU_iss=0 ALU_wb=0 | LSU_iss=0 LSU_wb=0 | CDB=0
             3895000 |   090   |     0     |     0    |      1    |   0    |     0     | 00000000 | 00000000 | BR_iss=0 BR_wb=0 BR_mis=0 | ALU_iss=0 ALU_wb=0 | LSU_iss=0 LSU_wb=0 | CDB=0
             3905000 |   090   |     0     |     0    |      1    |   0    |     0     | 00000000 | 00000000 | BR_iss=0 BR_wb=0 BR_mis=0 | ALU_iss=0 ALU_wb=0 | LSU_iss=0 LSU_wb=0 | CDB=0
             3915000 |   090   |     0     |     0    |      1    |   0    |     0     | 00000000 | 00000000 | BR_iss=0 BR_wb=0 BR_mis=0 | ALU_iss=0 ALU_wb=0 | LSU_iss=0 LSU_wb=0 | CDB=0
             3925000 |   090   |     0     |     0    |      1    |   0    |     0     | 00000000 | 00000000 | BR_iss=0 BR_wb=0 BR_mis=0 | ALU_iss=0 ALU_wb=0 | LSU_iss=0 LSU_wb=0 | CDB=0
             3935000 |   090   |     0     |     0    |      1    |   0    |     0     | 00000000 | 00000000 | BR_iss=0 BR_wb=0 BR_mis=0 | ALU_iss=0 ALU_wb=0 | LSU_iss=0 LSU_wb=0 | CDB=0
             3945000 |   090   |     0     |     0    |      1    |   0    |     0     | 00000000 | 00000000 | BR_iss=0 BR_wb=0 BR_mis=0 | ALU_iss=0 ALU_wb=0 | LSU_iss=0 LSU_wb=0 | CDB=0
             3955000 |   090   |     0     |     0    |      1    |   0    |     0     | 00000000 | 00000000 | BR_iss=0 BR_wb=0 BR_mis=0 | ALU_iss=0 ALU_wb=0 | LSU_iss=0 LSU_wb=0 | CDB=0
             3965000 |   090   |     0     |     0    |      1    |   0    |     0     | 00000000 | 00000000 | BR_iss=0 BR_wb=0 BR_mis=0 | ALU_iss=0 ALU_wb=0 | LSU_iss=0 LSU_wb=0 | CDB=0
             3975000 |   090   |     0     |     0    |      1    |   0    |     0     | 00000000 | 00000000 | BR_iss=0 BR_wb=0 BR_mis=0 | ALU_iss=0 ALU_wb=0 | LSU_iss=0 LSU_wb=0 | CDB=0
             3985000 |   090   |     0     |     0    |      1    |   0    |     0     | 00000000 | 00000000 | BR_iss=0 BR_wb=0 BR_mis=0 | ALU_iss=0 ALU_wb=0 | LSU_iss=0 LSU_wb=0 | CDB=0
             3995000 |   090   |     0     |     0    |      1    |   0    |     0     | 00000000 | 00000000 | BR_iss=0 BR_wb=0 BR_mis=0 | ALU_iss=0 ALU_wb=0 | LSU_iss=0 LSU_wb=0 | CDB=0
             4005000 |   090   |     0     |     0    |      1    |   0    |     0     | 00000000 | 00000000 | BR_iss=0 BR_wb=0 BR_mis=0 | ALU_iss=0 ALU_wb=0 | LSU_iss=0 LSU_wb=0 | CDB=0
             4015000 |   090   |     0     |     0    |      1    |   0    |     0     | 00000000 | 00000000 | BR_iss=0 BR_wb=0 BR_mis=0 | ALU_iss=0 ALU_wb=0 | LSU_iss=0 LSU_wb=0 | CDB=0
             4025000 |   090   |     0     |     0    |      1    |   0    |     0     | 00000000 | 00000000 | BR_iss=0 BR_wb=0 BR_mis=0 | ALU_iss=0 ALU_wb=0 | LSU_iss=0 LSU_wb=0 | CDB=0
             4035000 |   090   |     0     |     0    |      1    |   0    |     0     | 00000000 | 00000000 | BR_iss=0 BR_wb=0 BR_mis=0 | ALU_iss=0 ALU_wb=0 | LSU_iss=0 LSU_wb=0 | CDB=0
             4045000 |   090   |     0     |     0    |      1    |   0    |     0     | 00000000 | 00000000 | BR_iss=0 BR_wb=0 BR_mis=0 | ALU_iss=0 ALU_wb=0 | LSU_iss=0 LSU_wb=0 | CDB=0
             4055000 |   090   |     0     |     0    |      1    |   0    |     0     | 00000000 | 00000000 | BR_iss=0 BR_wb=0 BR_mis=0 | ALU_iss=0 ALU_wb=0 | LSU_iss=0 LSU_wb=0 | CDB=0
             4065000 |   090   |     0     |     0    |      1    |   0    |     0     | 00000000 | 00000000 | BR_iss=0 BR_wb=0 BR_mis=0 | ALU_iss=0 ALU_wb=0 | LSU_iss=0 LSU_wb=0 | CDB=0
             4075000 |   090   |     0     |     0    |      1    |   0    |     0     | 00000000 | 00000000 | BR_iss=0 BR_wb=0 BR_mis=0 | ALU_iss=0 ALU_wb=0 | LSU_iss=0 LSU_wb=0 | CDB=0
             4085000 |   090   |     0     |     0    |      1    |   0    |     0     | 00000000 | 00000000 | BR_iss=0 BR_wb=0 BR_mis=0 | ALU_iss=0 ALU_wb=0 | LSU_iss=0 LSU_wb=0 | CDB=0
             4095000 |   090   |     0     |     0    |      1    |   0    |     0     | 00000000 | 00000000 | BR_iss=0 BR_wb=0 BR_mis=0 | ALU_iss=0 ALU_wb=0 | LSU_iss=0 LSU_wb=0 | CDB=0
             4105000 |   090   |     0     |     0    |      1    |   0    |     0     | 00000000 | 00000000 | BR_iss=0 BR_wb=0 BR_mis=0 | ALU_iss=0 ALU_wb=0 | LSU_iss=0 LSU_wb=0 | CDB=0
             4115000 |   090   |     0     |     0    |      1    |   0    |     0     | 00000000 | 00000000 | BR_iss=0 BR_wb=0 BR_mis=0 | ALU_iss=0 ALU_wb=0 | LSU_iss=0 LSU_wb=0 | CDB=0
             4125000 |   090   |     0     |     0    |      1    |   0    |     0     | 00000000 | 00000000 | BR_iss=0 BR_wb=0 BR_mis=0 | ALU_iss=0 ALU_wb=0 | LSU_iss=0 LSU_wb=0 | CDB=0
             4135000 |   090   |     0     |     0    |      1    |   0    |     0     | 00000000 | 00000000 | BR_iss=0 BR_wb=0 BR_mis=0 | ALU_iss=0 ALU_wb=0 | LSU_iss=0 LSU_wb=0 | CDB=0
             4145000 |   090   |     0     |     0    |      1    |   0    |     0     | 00000000 | 00000000 | BR_iss=0 BR_wb=0 BR_mis=0 | ALU_iss=0 ALU_wb=0 | LSU_iss=0 LSU_wb=0 | CDB=0
             4155000 |   090   |     0     |     0    |      1    |   0    |     0     | 00000000 | 00000000 | BR_iss=0 BR_wb=0 BR_mis=0 | ALU_iss=0 ALU_wb=0 | LSU_iss=0 LSU_wb=0 | CDB=0
